{"/home/himu/my_code/ekscript/ekscript/build/main/lib/utils/fileOps.js":{"path":"/home/himu/my_code/ekscript/ekscript/build/main/lib/utils/fileOps.js","statementMap":{"0":{"start":{"line":2,"column":22},"end":{"line":4,"column":1}},"1":{"start":{"line":3,"column":4},"end":{"line":3,"column":62}},"2":{"start":{"line":5,"column":0},"end":{"line":5,"column":62}},"3":{"start":{"line":6,"column":0},"end":{"line":6,"column":64}},"4":{"start":{"line":7,"column":13},"end":{"line":7,"column":43}},"5":{"start":{"line":8,"column":15},"end":{"line":8,"column":47}},"6":{"start":{"line":9,"column":16},"end":{"line":12,"column":1}},"7":{"start":{"line":10,"column":17},"end":{"line":10,"column":92}},"8":{"start":{"line":11,"column":4},"end":{"line":11,"column":16}},"9":{"start":{"line":13,"column":0},"end":{"line":13,"column":26}},"10":{"start":{"line":14,"column":16},"end":{"line":21,"column":1}},"11":{"start":{"line":15,"column":4},"end":{"line":20,"column":5}},"12":{"start":{"line":16,"column":8},"end":{"line":16,"column":59}},"13":{"start":{"line":19,"column":8},"end":{"line":19,"column":25}},"14":{"start":{"line":22,"column":0},"end":{"line":22,"column":26}},"15":{"start":{"line":23,"column":19},"end":{"line":25,"column":1}},"16":{"start":{"line":24,"column":4},"end":{"line":24,"column":146}},"17":{"start":{"line":24,"column":24},"end":{"line":24,"column":145}},"18":{"start":{"line":26,"column":0},"end":{"line":26,"column":32}}},"fnMap":{"0":{"name":"(anonymous_0)","decl":{"start":{"line":2,"column":56},"end":{"line":2,"column":57}},"loc":{"start":{"line":2,"column":71},"end":{"line":4,"column":1}},"line":2},"1":{"name":"(anonymous_1)","decl":{"start":{"line":9,"column":16},"end":{"line":9,"column":17}},"loc":{"start":{"line":9,"column":30},"end":{"line":12,"column":1}},"line":9},"2":{"name":"(anonymous_2)","decl":{"start":{"line":14,"column":16},"end":{"line":14,"column":17}},"loc":{"start":{"line":14,"column":44},"end":{"line":21,"column":1}},"line":14},"3":{"name":"(anonymous_3)","decl":{"start":{"line":23,"column":19},"end":{"line":23,"column":20}},"loc":{"start":{"line":23,"column":47},"end":{"line":25,"column":1}},"line":23},"4":{"name":"(anonymous_4)","decl":{"start":{"line":24,"column":11},"end":{"line":24,"column":12}},"loc":{"start":{"line":24,"column":24},"end":{"line":24,"column":145}},"line":24}},"branchMap":{"0":{"loc":{"start":{"line":2,"column":22},"end":{"line":4,"column":1}},"type":"binary-expr","locations":[{"start":{"line":2,"column":23},"end":{"line":2,"column":27}},{"start":{"line":2,"column":31},"end":{"line":2,"column":51}},{"start":{"line":2,"column":56},"end":{"line":4,"column":1}}],"line":2},"1":{"loc":{"start":{"line":3,"column":11},"end":{"line":3,"column":61}},"type":"cond-expr","locations":[{"start":{"line":3,"column":37},"end":{"line":3,"column":40}},{"start":{"line":3,"column":43},"end":{"line":3,"column":61}}],"line":3},"2":{"loc":{"start":{"line":3,"column":12},"end":{"line":3,"column":33}},"type":"binary-expr","locations":[{"start":{"line":3,"column":12},"end":{"line":3,"column":15}},{"start":{"line":3,"column":19},"end":{"line":3,"column":33}}],"line":3},"3":{"loc":{"start":{"line":24,"column":83},"end":{"line":24,"column":122}},"type":"cond-expr","locations":[{"start":{"line":24,"column":98},"end":{"line":24,"column":117}},{"start":{"line":24,"column":120},"end":{"line":24,"column":122}}],"line":24}},"s":{"0":1,"1":2,"2":1,"3":1,"4":1,"5":1,"6":1,"7":0,"8":0,"9":1,"10":1,"11":0,"12":0,"13":0,"14":1,"15":1,"16":3,"17":0,"18":1},"f":{"0":2,"1":0,"2":0,"3":3,"4":0},"b":{"0":[1,1,1],"1":[0,2],"2":[2,2],"3":[0,0]},"inputSourceMap":{"version":3,"file":"fileOps.js","sourceRoot":"","sources":["../../../../src/lib/utils/fileOps.ts"],"names":[],"mappings":";;;;;;AAAA,4CAAoB;AACpB,gDAAwB;AAEjB,MAAM,OAAO,GAAG,CAAC,QAAgB,EAAE,EAAE;IAC1C,MAAM,IAAI,GAAG,YAAE,CAAC,YAAY,CAAC,cAAI,CAAC,OAAO,CAAC,GAAG,EAAE,QAAQ,CAAC,CAAC,CAAC,QAAQ,EAAE,CAAC;IACrE,OAAO,IAAI,CAAC;AACd,CAAC,CAAC;AAHW,QAAA,OAAO,WAGlB;AAEK,MAAM,OAAO,GAAG,CAAC,QAAgB,EAAE,YAAoB,EAAE,EAAE;IAChE,IAAI;QACF,YAAE,CAAC,aAAa,CAAC,QAAQ,EAAE,YAAY,CAAC,CAAC;KAC1C;IAAC,OAAO,CAAC,EAAE;QACV,OAAO,CAAC,KAAK,CAAC,CAAC,CAAC,CAAC;KAClB;AACH,CAAC,CAAC;AANW,QAAA,OAAO,WAMlB;AAEK,MAAM,UAAU,GAAG,CAAC,QAAgB,EAAE,YAAqB,EAAE,EAAE;IACpE,OAAO,CAAC,GAAG,IAAW,EAAE,EAAE,CACxB,OAAO,CAAC,GAAG,CACT,UAAU,EACV,cAAI,CAAC,QAAQ,CAAC,QAAQ,CAAC,EACvB,YAAY,CAAC,CAAC,CAAC,KAAK,YAAY,EAAE,CAAC,CAAC,CAAC,EAAE,EACvC,WAAW,EACX,GAAG,IAAI,CACR,CAAC;AACN,CAAC,CAAC;AATW,QAAA,UAAU,cASrB"},"_coverageSchema":"1a1c01bbd47fc00a2c39e90264f33305004495a9","hash":"d420f3073829e4833a28a48a0ed8bd5714dc61db"},"/home/himu/my_code/ekscript/ekscript/build/main/lib/compiler/index.js":{"path":"/home/himu/my_code/ekscript/ekscript/build/main/lib/compiler/index.js","statementMap":{"0":{"start":{"line":8,"column":22},"end":{"line":10,"column":1}},"1":{"start":{"line":9,"column":4},"end":{"line":9,"column":62}},"2":{"start":{"line":11,"column":0},"end":{"line":11,"column":62}},"3":{"start":{"line":12,"column":0},"end":{"line":12,"column":38}},"4":{"start":{"line":13,"column":18},"end":{"line":13,"column":45}},"5":{"start":{"line":14,"column":18},"end":{"line":14,"column":56}},"6":{"start":{"line":15,"column":17},"end":{"line":15,"column":54}},"7":{"start":{"line":16,"column":19},"end":{"line":16,"column":58}},"8":{"start":{"line":17,"column":23},"end":{"line":17,"column":48}},"9":{"start":{"line":20,"column":0},"end":{"line":23,"column":95}},"10":{"start":{"line":21,"column":4},"end":{"line":21,"column":64}},"11":{"start":{"line":22,"column":4},"end":{"line":22,"column":62}},"12":{"start":{"line":26,"column":8},"end":{"line":26,"column":31}},"13":{"start":{"line":27,"column":8},"end":{"line":27,"column":37}},"14":{"start":{"line":28,"column":8},"end":{"line":28,"column":25}},"15":{"start":{"line":29,"column":8},"end":{"line":29,"column":25}},"16":{"start":{"line":30,"column":8},"end":{"line":30,"column":27}},"17":{"start":{"line":31,"column":8},"end":{"line":31,"column":26}},"18":{"start":{"line":32,"column":8},"end":{"line":32,"column":29}},"19":{"start":{"line":33,"column":8},"end":{"line":33,"column":87}},"20":{"start":{"line":34,"column":8},"end":{"line":35,"column":81}},"21":{"start":{"line":35,"column":12},"end":{"line":35,"column":81}},"22":{"start":{"line":38,"column":8},"end":{"line":38,"column":41}},"23":{"start":{"line":39,"column":8},"end":{"line":39,"column":20}},"24":{"start":{"line":42,"column":8},"end":{"line":42,"column":48}},"25":{"start":{"line":43,"column":8},"end":{"line":43,"column":52}},"26":{"start":{"line":47,"column":8},"end":{"line":47,"column":172}},"27":{"start":{"line":49,"column":8},"end":{"line":52,"column":9}},"28":{"start":{"line":51,"column":12},"end":{"line":51,"column":57}},"29":{"start":{"line":53,"column":8},"end":{"line":53,"column":20}},"30":{"start":{"line":56,"column":8},"end":{"line":56,"column":26}},"31":{"start":{"line":59,"column":24},"end":{"line":59,"column":143}},"32":{"start":{"line":60,"column":8},"end":{"line":60,"column":43}},"33":{"start":{"line":61,"column":8},"end":{"line":61,"column":27}},"34":{"start":{"line":64,"column":8},"end":{"line":64,"column":105}},"35":{"start":{"line":67,"column":8},"end":{"line":72,"column":9}},"36":{"start":{"line":71,"column":12},"end":{"line":71,"column":70}},"37":{"start":{"line":75,"column":0},"end":{"line":75,"column":27}}},"fnMap":{"0":{"name":"(anonymous_0)","decl":{"start":{"line":8,"column":56},"end":{"line":8,"column":57}},"loc":{"start":{"line":8,"column":71},"end":{"line":10,"column":1}},"line":8},"1":{"name":"(anonymous_1)","decl":{"start":{"line":20,"column":1},"end":{"line":20,"column":2}},"loc":{"start":{"line":20,"column":33},"end":{"line":23,"column":1}},"line":20},"2":{"name":"(anonymous_2)","decl":{"start":{"line":25,"column":4},"end":{"line":25,"column":5}},"loc":{"start":{"line":25,"column":93},"end":{"line":36,"column":5}},"line":25},"3":{"name":"(anonymous_3)","decl":{"start":{"line":37,"column":4},"end":{"line":37,"column":5}},"loc":{"start":{"line":37,"column":12},"end":{"line":40,"column":5}},"line":37},"4":{"name":"(anonymous_4)","decl":{"start":{"line":41,"column":4},"end":{"line":41,"column":5}},"loc":{"start":{"line":41,"column":26},"end":{"line":44,"column":5}},"line":41},"5":{"name":"(anonymous_5)","decl":{"start":{"line":45,"column":4},"end":{"line":45,"column":5}},"loc":{"start":{"line":45,"column":14},"end":{"line":54,"column":5}},"line":45},"6":{"name":"(anonymous_6)","decl":{"start":{"line":55,"column":4},"end":{"line":55,"column":5}},"loc":{"start":{"line":55,"column":15},"end":{"line":57,"column":5}},"line":55},"7":{"name":"(anonymous_7)","decl":{"start":{"line":58,"column":4},"end":{"line":58,"column":5}},"loc":{"start":{"line":58,"column":23},"end":{"line":62,"column":5}},"line":58},"8":{"name":"(anonymous_8)","decl":{"start":{"line":63,"column":4},"end":{"line":63,"column":5}},"loc":{"start":{"line":63,"column":27},"end":{"line":65,"column":5}},"line":63},"9":{"name":"(anonymous_9)","decl":{"start":{"line":66,"column":4},"end":{"line":66,"column":5}},"loc":{"start":{"line":66,"column":19},"end":{"line":73,"column":5}},"line":66}},"branchMap":{"0":{"loc":{"start":{"line":8,"column":22},"end":{"line":10,"column":1}},"type":"binary-expr","locations":[{"start":{"line":8,"column":23},"end":{"line":8,"column":27}},{"start":{"line":8,"column":31},"end":{"line":8,"column":51}},{"start":{"line":8,"column":56},"end":{"line":10,"column":1}}],"line":8},"1":{"loc":{"start":{"line":9,"column":11},"end":{"line":9,"column":61}},"type":"cond-expr","locations":[{"start":{"line":9,"column":37},"end":{"line":9,"column":40}},{"start":{"line":9,"column":43},"end":{"line":9,"column":61}}],"line":9},"2":{"loc":{"start":{"line":9,"column":12},"end":{"line":9,"column":33}},"type":"binary-expr","locations":[{"start":{"line":9,"column":12},"end":{"line":9,"column":15}},{"start":{"line":9,"column":19},"end":{"line":9,"column":33}}],"line":9},"3":{"loc":{"start":{"line":23,"column":26},"end":{"line":23,"column":93}},"type":"binary-expr","locations":[{"start":{"line":23,"column":26},"end":{"line":23,"column":54}},{"start":{"line":23,"column":59},"end":{"line":23,"column":92}}],"line":23},"4":{"loc":{"start":{"line":25,"column":23},"end":{"line":25,"column":35}},"type":"default-arg","locations":[{"start":{"line":25,"column":33},"end":{"line":25,"column":35}}],"line":25},"5":{"loc":{"start":{"line":25,"column":37},"end":{"line":25,"column":69}},"type":"default-arg","locations":[{"start":{"line":25,"column":47},"end":{"line":25,"column":69}}],"line":25},"6":{"loc":{"start":{"line":25,"column":71},"end":{"line":25,"column":91}},"type":"default-arg","locations":[{"start":{"line":25,"column":84},"end":{"line":25,"column":91}}],"line":25},"7":{"loc":{"start":{"line":34,"column":8},"end":{"line":35,"column":81}},"type":"if","locations":[{"start":{"line":34,"column":8},"end":{"line":35,"column":81}},{"start":{"line":34,"column":8},"end":{"line":35,"column":81}}],"line":34},"8":{"loc":{"start":{"line":47,"column":94},"end":{"line":47,"column":159}},"type":"cond-expr","locations":[{"start":{"line":47,"column":139},"end":{"line":47,"column":145}},{"start":{"line":47,"column":148},"end":{"line":47,"column":159}}],"line":47},"9":{"loc":{"start":{"line":47,"column":94},"end":{"line":47,"column":136}},"type":"binary-expr","locations":[{"start":{"line":47,"column":94},"end":{"line":47,"column":119}},{"start":{"line":47,"column":123},"end":{"line":47,"column":136}}],"line":47},"10":{"loc":{"start":{"line":49,"column":8},"end":{"line":52,"column":9}},"type":"if","locations":[{"start":{"line":49,"column":8},"end":{"line":52,"column":9}},{"start":{"line":49,"column":8},"end":{"line":52,"column":9}}],"line":49},"11":{"loc":{"start":{"line":59,"column":46},"end":{"line":59,"column":97}},"type":"cond-expr","locations":[{"start":{"line":59,"column":81},"end":{"line":59,"column":85}},{"start":{"line":59,"column":88},"end":{"line":59,"column":97}}],"line":59},"12":{"loc":{"start":{"line":59,"column":46},"end":{"line":59,"column":78}},"type":"binary-expr","locations":[{"start":{"line":59,"column":46},"end":{"line":59,"column":59}},{"start":{"line":59,"column":63},"end":{"line":59,"column":78}}],"line":59},"13":{"loc":{"start":{"line":64,"column":26},"end":{"line":64,"column":90}},"type":"cond-expr","locations":[{"start":{"line":64,"column":67},"end":{"line":64,"column":72}},{"start":{"line":64,"column":75},"end":{"line":64,"column":90}}],"line":64},"14":{"loc":{"start":{"line":67,"column":8},"end":{"line":72,"column":9}},"type":"if","locations":[{"start":{"line":67,"column":8},"end":{"line":72,"column":9}},{"start":{"line":67,"column":8},"end":{"line":72,"column":9}}],"line":67}},"s":{"0":1,"1":3,"2":1,"3":1,"4":1,"5":1,"6":1,"7":1,"8":1,"9":1,"10":1,"11":1,"12":0,"13":0,"14":0,"15":0,"16":0,"17":0,"18":0,"19":0,"20":0,"21":0,"22":0,"23":0,"24":0,"25":0,"26":0,"27":0,"28":0,"29":0,"30":0,"31":0,"32":0,"33":0,"34":0,"35":0,"36":0,"37":1},"f":{"0":3,"1":1,"2":0,"3":0,"4":0,"5":0,"6":0,"7":0,"8":0,"9":0},"b":{"0":[1,1,1],"1":[3,0],"2":[3,3],"3":[1,1],"4":[0],"5":[0],"6":[0],"7":[0,0],"8":[0,0],"9":[0,0],"10":[0,0],"11":[0,0],"12":[0,0],"13":[0,0],"14":[0,0]},"inputSourceMap":{"version":3,"file":"index.js","sourceRoot":"","sources":["../../../../src/lib/compiler/index.ts"],"names":[],"mappings":";AAAA;;;;;KAKK;;;;;;AAML,8CAA2C;AAC3C,yDAAiC;AACjC,uDAA+B;AAC/B,2DAAmC;AAEnC,iDAA4D;AAE5D,yCAAyC;AACzC,IAAY,oBAGX;AAHD,WAAY,oBAAoB;IAC9B,2DAAE,CAAA;IACF,yDAAC,CAAA;AACH,CAAC,EAHW,oBAAoB,GAApB,4BAAoB,KAApB,4BAAoB,QAG/B;AAED,MAAqB,QAAQ;IAW3B,YACE,KAAsB,EACtB,UAA6B,EAAE,EACvB,UAAU,oBAAoB,CAAC,CAAC,EAChC,aAAqB,OAAO;QAD5B,YAAO,GAAP,OAAO,CAAyB;QAChC,eAAU,GAAV,UAAU,CAAkB;QAb9B,WAAM,GAAG,EAAE,CAAC;QAEpB,WAAM,GAAqB,EAAE,CAAC;QAC9B,aAAQ,GAAqB,EAAE,CAAC;QAExB,UAAK,GAAgB,IAAI,CAAC;QAE1B,eAAU,GAAoC,EAAE,CAAC;QAQvD,IAAI,CAAC,MAAM,GAAG,IAAI,gBAAM,CAAC,KAAK,EAAE,OAAO,EAAE,IAAI,CAAC,MAAM,EAAE,IAAI,CAAC,QAAQ,CAAC,CAAC;QACrE,IAAI,CAAC,UAAU;YACb,IAAI,CAAC,UAAU,GAAG,KAAK,CAAC,QAAQ,CAAC,KAAK,CAAC,CAAC,EAAE,KAAK,CAAC,QAAQ,CAAC,MAAM,GAAG,CAAC,CAAC,CAAC;IACzE,CAAC;IAED,KAAK;QACH,IAAI,CAAC,KAAK,GAAG,IAAI,CAAC,MAAM,CAAC,KAAK,EAAU,CAAC;QACzC,OAAO,IAAI,CAAC;IACd,CAAC;IAED,mBAAmB;QACjB,0BAAW,CAAC,IAAI,CAAC,MAAM,CAAC,CAAC;QACzB,4BAAa,CAAC,IAAI,CAAC,QAAQ,CAAC,CAAC;IAC/B,CAAC;IAED,OAAO;;QACL,IAAI,CAAC,UAAU,GAAG,IAAI,kBAAQ,CAC5B,IAAI,CAAC,IAAK,EACV,IAAI,CAAC,MAAM,EACX,IAAI,CAAC,QAAQ,CACd,CAAC,KAAK,CAAC,MAAA,IAAI,CAAC,IAAI,0CAAE,QAAS,CAAC,CAAC,UAAU,CAAC;QAEzC,gCAAgC;QAChC,IAAI,IAAI,CAAC,MAAM,CAAC,MAAM,EAAE;YACtB,4BAA4B;YAC5B,MAAM,IAAI,KAAK,CAAC,IAAI,CAAC,SAAS,CAAC,IAAI,CAAC,MAAM,CAAC,CAAC,CAAC;SAC9C;QACD,OAAO,IAAI,CAAC;IACd,CAAC;IAED,IAAI,IAAI;QACN,OAAO,IAAI,CAAC,KAAK,CAAC;IACpB,CAAC;IAGD,YAAY,CAAC,IAAW;QACtB,MAAM,OAAO,GAAG,IAAI,iBAAO,CACzB,IAAI,aAAJ,IAAI,cAAJ,IAAI,GAAI,IAAI,CAAC,IAAK,EAClB,IAAI,CAAC,MAAM,EACX,IAAI,CAAC,QAAQ,EACb,IAAI,CAAC,UAAU,CAChB,CAAC;QACF,IAAI,CAAC,MAAM,GAAG,OAAO,CAAC,UAAU,EAAE,CAAC;QACnC,OAAO,IAAI,CAAC,MAAM,CAAC;IACrB,CAAC;IAED,oBAAoB;QAClB,iBAAO,CACL,IAAI,CAAC,OAAO,IAAI,oBAAoB,CAAC,CAAC,CAAC,CAAC,CAAC,KAAK,CAAC,CAAC,CAAC,IAAI,CAAC,UAAU,EAChE,IAAI,CAAC,MAAM,CACZ,CAAC;IACJ,CAAC;IAED,YAAY;QACV,IAAI,IAAI,CAAC,OAAO,IAAI,oBAAoB,CAAC,CAAC,EAAE;YAC1C,+CAA+C;SAChD;aAAM;YACL,OAAO,CAAC,KAAK,CAAC,0CAA0C,CAAC,CAAC;SAC3D;IACH,CAAC;CACF;AA7ED,2BA6EC"},"_coverageSchema":"1a1c01bbd47fc00a2c39e90264f33305004495a9","hash":"f3cef3cdb18e299df1afd6d8227b626f182bf6c2"},"/home/himu/my_code/ekscript/ekscript/build/main/lib/codegen/index.js":{"path":"/home/himu/my_code/ekscript/ekscript/build/main/lib/codegen/index.js","statementMap":{"0":{"start":{"line":9,"column":0},"end":{"line":9,"column":62}},"1":{"start":{"line":10,"column":31},"end":{"line":10,"column":71}},"2":{"start":{"line":11,"column":20},"end":{"line":11,"column":49}},"3":{"start":{"line":12,"column":17},"end":{"line":12,"column":43}},"4":{"start":{"line":13,"column":23},"end":{"line":13,"column":58}},"5":{"start":{"line":14,"column":24},"end":{"line":14,"column":50}},"6":{"start":{"line":15,"column":28},"end":{"line":15,"column":58}},"7":{"start":{"line":24,"column":8},"end":{"line":24,"column":23}},"8":{"start":{"line":25,"column":8},"end":{"line":25,"column":29}},"9":{"start":{"line":26,"column":8},"end":{"line":26,"column":33}},"10":{"start":{"line":27,"column":8},"end":{"line":27,"column":37}},"11":{"start":{"line":28,"column":8},"end":{"line":28,"column":24}},"12":{"start":{"line":30,"column":8},"end":{"line":30,"column":27}},"13":{"start":{"line":31,"column":8},"end":{"line":31,"column":49}},"14":{"start":{"line":32,"column":8},"end":{"line":32,"column":38}},"15":{"start":{"line":33,"column":8},"end":{"line":33,"column":27}},"16":{"start":{"line":34,"column":8},"end":{"line":34,"column":29}},"17":{"start":{"line":35,"column":8},"end":{"line":35,"column":28}},"18":{"start":{"line":36,"column":8},"end":{"line":45,"column":10}},"19":{"start":{"line":46,"column":8},"end":{"line":46,"column":29}},"20":{"start":{"line":47,"column":8},"end":{"line":47,"column":33}},"21":{"start":{"line":48,"column":8},"end":{"line":48,"column":30}},"22":{"start":{"line":49,"column":8},"end":{"line":57,"column":10}},"23":{"start":{"line":50,"column":28},"end":{"line":50,"column":82}},"24":{"start":{"line":51,"column":12},"end":{"line":56,"column":25}},"25":{"start":{"line":58,"column":8},"end":{"line":63,"column":10}},"26":{"start":{"line":59,"column":12},"end":{"line":62,"column":13}},"27":{"start":{"line":60,"column":16},"end":{"line":60,"column":57}},"28":{"start":{"line":61,"column":16},"end":{"line":61,"column":54}},"29":{"start":{"line":64,"column":8},"end":{"line":64,"column":56}},"30":{"start":{"line":64,"column":34},"end":{"line":64,"column":55}},"31":{"start":{"line":65,"column":8},"end":{"line":65,"column":46}},"32":{"start":{"line":68,"column":8},"end":{"line":68,"column":37}},"33":{"start":{"line":71,"column":8},"end":{"line":71,"column":34}},"34":{"start":{"line":72,"column":8},"end":{"line":73,"column":31}},"35":{"start":{"line":73,"column":12},"end":{"line":73,"column":31}},"36":{"start":{"line":76,"column":8},"end":{"line":76,"column":50}},"37":{"start":{"line":79,"column":8},"end":{"line":80,"column":27}},"38":{"start":{"line":80,"column":12},"end":{"line":80,"column":27}},"39":{"start":{"line":81,"column":8},"end":{"line":81,"column":38}},"40":{"start":{"line":82,"column":8},"end":{"line":82,"column":35}},"41":{"start":{"line":85,"column":8},"end":{"line":90,"column":9}},"42":{"start":{"line":86,"column":12},"end":{"line":88,"column":13}},"43":{"start":{"line":87,"column":16},"end":{"line":87,"column":82}},"44":{"start":{"line":89,"column":12},"end":{"line":89,"column":41}},"45":{"start":{"line":93,"column":8},"end":{"line":100,"column":9}},"46":{"start":{"line":94,"column":12},"end":{"line":99,"column":13}},"47":{"start":{"line":95,"column":16},"end":{"line":95,"column":43}},"48":{"start":{"line":98,"column":16},"end":{"line":98,"column":40}},"49":{"start":{"line":104,"column":8},"end":{"line":109,"column":11}},"50":{"start":{"line":113,"column":8},"end":{"line":118,"column":11}},"51":{"start":{"line":121,"column":24},"end":{"line":121,"column":26}},"52":{"start":{"line":122,"column":8},"end":{"line":123,"column":30}},"53":{"start":{"line":122,"column":21},"end":{"line":122,"column":22}},"54":{"start":{"line":123,"column":12},"end":{"line":123,"column":30}},"55":{"start":{"line":124,"column":8},"end":{"line":124,"column":25}},"56":{"start":{"line":128,"column":8},"end":{"line":233,"column":9}},"57":{"start":{"line":130,"column":16},"end":{"line":130,"column":40}},"58":{"start":{"line":131,"column":16},"end":{"line":131,"column":22}},"59":{"start":{"line":134,"column":16},"end":{"line":134,"column":22}},"60":{"start":{"line":137,"column":16},"end":{"line":137,"column":41}},"61":{"start":{"line":138,"column":16},"end":{"line":138,"column":22}},"62":{"start":{"line":140,"column":16},"end":{"line":140,"column":43}},"63":{"start":{"line":141,"column":16},"end":{"line":141,"column":22}},"64":{"start":{"line":143,"column":16},"end":{"line":143,"column":42}},"65":{"start":{"line":144,"column":16},"end":{"line":144,"column":22}},"66":{"start":{"line":147,"column":16},"end":{"line":147,"column":42}},"67":{"start":{"line":148,"column":16},"end":{"line":148,"column":22}},"68":{"start":{"line":151,"column":16},"end":{"line":151,"column":40}},"69":{"start":{"line":152,"column":16},"end":{"line":152,"column":22}},"70":{"start":{"line":155,"column":16},"end":{"line":155,"column":43}},"71":{"start":{"line":156,"column":16},"end":{"line":156,"column":22}},"72":{"start":{"line":159,"column":16},"end":{"line":159,"column":38}},"73":{"start":{"line":160,"column":16},"end":{"line":160,"column":22}},"74":{"start":{"line":163,"column":16},"end":{"line":163,"column":22}},"75":{"start":{"line":165,"column":16},"end":{"line":165,"column":36}},"76":{"start":{"line":166,"column":16},"end":{"line":166,"column":22}},"77":{"start":{"line":169,"column":16},"end":{"line":169,"column":38}},"78":{"start":{"line":170,"column":16},"end":{"line":170,"column":22}},"79":{"start":{"line":173,"column":16},"end":{"line":173,"column":37}},"80":{"start":{"line":174,"column":16},"end":{"line":174,"column":22}},"81":{"start":{"line":177,"column":16},"end":{"line":177,"column":42}},"82":{"start":{"line":178,"column":16},"end":{"line":178,"column":22}},"83":{"start":{"line":181,"column":16},"end":{"line":181,"column":42}},"84":{"start":{"line":182,"column":16},"end":{"line":182,"column":22}},"85":{"start":{"line":185,"column":16},"end":{"line":185,"column":47}},"86":{"start":{"line":186,"column":16},"end":{"line":186,"column":22}},"87":{"start":{"line":189,"column":16},"end":{"line":189,"column":40}},"88":{"start":{"line":190,"column":16},"end":{"line":190,"column":22}},"89":{"start":{"line":193,"column":16},"end":{"line":193,"column":43}},"90":{"start":{"line":194,"column":16},"end":{"line":194,"column":22}},"91":{"start":{"line":198,"column":16},"end":{"line":198,"column":40}},"92":{"start":{"line":199,"column":16},"end":{"line":199,"column":22}},"93":{"start":{"line":202,"column":16},"end":{"line":202,"column":39}},"94":{"start":{"line":203,"column":16},"end":{"line":203,"column":22}},"95":{"start":{"line":206,"column":16},"end":{"line":206,"column":43}},"96":{"start":{"line":207,"column":16},"end":{"line":207,"column":22}},"97":{"start":{"line":210,"column":16},"end":{"line":210,"column":39}},"98":{"start":{"line":211,"column":16},"end":{"line":211,"column":22}},"99":{"start":{"line":214,"column":16},"end":{"line":214,"column":38}},"100":{"start":{"line":215,"column":16},"end":{"line":215,"column":22}},"101":{"start":{"line":218,"column":16},"end":{"line":218,"column":39}},"102":{"start":{"line":219,"column":16},"end":{"line":219,"column":22}},"103":{"start":{"line":222,"column":16},"end":{"line":222,"column":44}},"104":{"start":{"line":223,"column":16},"end":{"line":223,"column":22}},"105":{"start":{"line":226,"column":16},"end":{"line":226,"column":53}},"106":{"start":{"line":227,"column":16},"end":{"line":227,"column":22}},"107":{"start":{"line":230,"column":16},"end":{"line":230,"column":97}},"108":{"start":{"line":231,"column":16},"end":{"line":231,"column":68}},"109":{"start":{"line":236,"column":8},"end":{"line":236,"column":33}},"110":{"start":{"line":237,"column":8},"end":{"line":237,"column":27}},"111":{"start":{"line":238,"column":8},"end":{"line":244,"column":9}},"112":{"start":{"line":239,"column":12},"end":{"line":239,"column":40}},"113":{"start":{"line":240,"column":12},"end":{"line":240,"column":38}},"114":{"start":{"line":241,"column":12},"end":{"line":241,"column":27}},"115":{"start":{"line":242,"column":12},"end":{"line":242,"column":50}},"116":{"start":{"line":243,"column":12},"end":{"line":243,"column":19}},"117":{"start":{"line":245,"column":8},"end":{"line":246,"column":30}},"118":{"start":{"line":246,"column":12},"end":{"line":246,"column":30}},"119":{"start":{"line":247,"column":8},"end":{"line":247,"column":34}},"120":{"start":{"line":248,"column":8},"end":{"line":248,"column":69}},"121":{"start":{"line":249,"column":8},"end":{"line":249,"column":27}},"122":{"start":{"line":250,"column":8},"end":{"line":250,"column":46}},"123":{"start":{"line":254,"column":8},"end":{"line":254,"column":36}},"124":{"start":{"line":255,"column":8},"end":{"line":257,"column":9}},"125":{"start":{"line":256,"column":12},"end":{"line":256,"column":30}},"126":{"start":{"line":258,"column":8},"end":{"line":258,"column":25}},"127":{"start":{"line":259,"column":8},"end":{"line":260,"column":27}},"128":{"start":{"line":260,"column":12},"end":{"line":260,"column":27}},"129":{"start":{"line":263,"column":8},"end":{"line":263,"column":36}},"130":{"start":{"line":264,"column":8},"end":{"line":264,"column":26}},"131":{"start":{"line":265,"column":8},"end":{"line":265,"column":48}},"132":{"start":{"line":266,"column":8},"end":{"line":278,"column":9}},"133":{"start":{"line":267,"column":12},"end":{"line":267,"column":54}},"134":{"start":{"line":270,"column":12},"end":{"line":270,"column":29}},"135":{"start":{"line":271,"column":12},"end":{"line":271,"column":27}},"136":{"start":{"line":272,"column":12},"end":{"line":272,"column":31}},"137":{"start":{"line":273,"column":12},"end":{"line":273,"column":40}},"138":{"start":{"line":274,"column":12},"end":{"line":274,"column":45}},"139":{"start":{"line":275,"column":12},"end":{"line":275,"column":31}},"140":{"start":{"line":276,"column":12},"end":{"line":276,"column":40}},"141":{"start":{"line":277,"column":12},"end":{"line":277,"column":29}},"142":{"start":{"line":279,"column":8},"end":{"line":280,"column":27}},"143":{"start":{"line":280,"column":12},"end":{"line":280,"column":27}},"144":{"start":{"line":281,"column":8},"end":{"line":288,"column":9}},"145":{"start":{"line":282,"column":12},"end":{"line":287,"column":13}},"146":{"start":{"line":283,"column":16},"end":{"line":283,"column":44}},"147":{"start":{"line":284,"column":16},"end":{"line":284,"column":36}},"148":{"start":{"line":285,"column":16},"end":{"line":285,"column":44}},"149":{"start":{"line":286,"column":16},"end":{"line":286,"column":31}},"150":{"start":{"line":291,"column":8},"end":{"line":291,"column":33}},"151":{"start":{"line":292,"column":28},"end":{"line":292,"column":48}},"152":{"start":{"line":293,"column":8},"end":{"line":293,"column":25}},"153":{"start":{"line":294,"column":8},"end":{"line":294,"column":23}},"154":{"start":{"line":295,"column":8},"end":{"line":295,"column":27}},"155":{"start":{"line":296,"column":8},"end":{"line":303,"column":9}},"156":{"start":{"line":297,"column":12},"end":{"line":297,"column":40}},"157":{"start":{"line":298,"column":12},"end":{"line":298,"column":44}},"158":{"start":{"line":299,"column":12},"end":{"line":299,"column":40}},"159":{"start":{"line":302,"column":12},"end":{"line":302,"column":36}},"160":{"start":{"line":304,"column":8},"end":{"line":304,"column":34}},"161":{"start":{"line":305,"column":8},"end":{"line":305,"column":27}},"162":{"start":{"line":306,"column":8},"end":{"line":306,"column":36}},"163":{"start":{"line":307,"column":8},"end":{"line":307,"column":25}},"164":{"start":{"line":308,"column":8},"end":{"line":308,"column":23}},"165":{"start":{"line":311,"column":8},"end":{"line":311,"column":36}},"166":{"start":{"line":312,"column":8},"end":{"line":312,"column":29}},"167":{"start":{"line":313,"column":8},"end":{"line":313,"column":48}},"168":{"start":{"line":314,"column":8},"end":{"line":324,"column":9}},"169":{"start":{"line":315,"column":12},"end":{"line":315,"column":47}},"170":{"start":{"line":316,"column":12},"end":{"line":316,"column":27}},"171":{"start":{"line":319,"column":12},"end":{"line":319,"column":27}},"172":{"start":{"line":320,"column":12},"end":{"line":320,"column":31}},"173":{"start":{"line":321,"column":12},"end":{"line":321,"column":40}},"174":{"start":{"line":322,"column":12},"end":{"line":322,"column":38}},"175":{"start":{"line":323,"column":12},"end":{"line":323,"column":31}},"176":{"start":{"line":327,"column":8},"end":{"line":327,"column":33}},"177":{"start":{"line":328,"column":28},"end":{"line":328,"column":48}},"178":{"start":{"line":329,"column":26},"end":{"line":329,"column":44}},"179":{"start":{"line":330,"column":26},"end":{"line":330,"column":44}},"180":{"start":{"line":331,"column":21},"end":{"line":331,"column":34}},"181":{"start":{"line":332,"column":8},"end":{"line":332,"column":36}},"182":{"start":{"line":333,"column":8},"end":{"line":333,"column":25}},"183":{"start":{"line":334,"column":8},"end":{"line":334,"column":23}},"184":{"start":{"line":335,"column":8},"end":{"line":335,"column":27}},"185":{"start":{"line":336,"column":8},"end":{"line":336,"column":36}},"186":{"start":{"line":337,"column":8},"end":{"line":354,"column":9}},"187":{"start":{"line":339,"column":16},"end":{"line":339,"column":39}},"188":{"start":{"line":340,"column":16},"end":{"line":340,"column":22}},"189":{"start":{"line":344,"column":16},"end":{"line":344,"column":51}},"190":{"start":{"line":345,"column":16},"end":{"line":345,"column":44}},"191":{"start":{"line":346,"column":16},"end":{"line":346,"column":39}},"192":{"start":{"line":347,"column":16},"end":{"line":347,"column":22}},"193":{"start":{"line":350,"column":16},"end":{"line":350,"column":55}},"194":{"start":{"line":351,"column":16},"end":{"line":351,"column":22}},"195":{"start":{"line":355,"column":8},"end":{"line":358,"column":49}},"196":{"start":{"line":356,"column":12},"end":{"line":356,"column":29}},"197":{"start":{"line":357,"column":13},"end":{"line":358,"column":49}},"198":{"start":{"line":358,"column":12},"end":{"line":358,"column":49}},"199":{"start":{"line":359,"column":8},"end":{"line":359,"column":30}},"200":{"start":{"line":360,"column":8},"end":{"line":360,"column":27}},"201":{"start":{"line":361,"column":8},"end":{"line":361,"column":23}},"202":{"start":{"line":363,"column":8},"end":{"line":363,"column":25}},"203":{"start":{"line":364,"column":8},"end":{"line":364,"column":23}},"204":{"start":{"line":365,"column":8},"end":{"line":365,"column":34}},"205":{"start":{"line":366,"column":8},"end":{"line":366,"column":27}},"206":{"start":{"line":367,"column":8},"end":{"line":367,"column":36}},"207":{"start":{"line":368,"column":8},"end":{"line":368,"column":25}},"208":{"start":{"line":369,"column":8},"end":{"line":369,"column":23}},"209":{"start":{"line":372,"column":8},"end":{"line":372,"column":25}},"210":{"start":{"line":373,"column":8},"end":{"line":374,"column":27}},"211":{"start":{"line":374,"column":12},"end":{"line":374,"column":27}},"212":{"start":{"line":377,"column":8},"end":{"line":377,"column":33}},"213":{"start":{"line":378,"column":8},"end":{"line":378,"column":25}},"214":{"start":{"line":379,"column":8},"end":{"line":379,"column":23}},"215":{"start":{"line":380,"column":8},"end":{"line":380,"column":27}},"216":{"start":{"line":381,"column":8},"end":{"line":382,"column":30}},"217":{"start":{"line":382,"column":12},"end":{"line":382,"column":30}},"218":{"start":{"line":383,"column":8},"end":{"line":383,"column":33}},"219":{"start":{"line":384,"column":8},"end":{"line":384,"column":34}},"220":{"start":{"line":385,"column":8},"end":{"line":385,"column":27}},"221":{"start":{"line":386,"column":8},"end":{"line":386,"column":36}},"222":{"start":{"line":387,"column":8},"end":{"line":387,"column":25}},"223":{"start":{"line":390,"column":8},"end":{"line":390,"column":36}},"224":{"start":{"line":391,"column":8},"end":{"line":391,"column":30}},"225":{"start":{"line":392,"column":8},"end":{"line":392,"column":35}},"226":{"start":{"line":393,"column":8},"end":{"line":393,"column":25}},"227":{"start":{"line":394,"column":8},"end":{"line":394,"column":23}},"228":{"start":{"line":395,"column":8},"end":{"line":395,"column":27}},"229":{"start":{"line":396,"column":21},"end":{"line":396,"column":34}},"230":{"start":{"line":397,"column":8},"end":{"line":415,"column":9}},"231":{"start":{"line":398,"column":12},"end":{"line":398,"column":40}},"232":{"start":{"line":399,"column":12},"end":{"line":413,"column":13}},"233":{"start":{"line":400,"column":36},"end":{"line":400,"column":91}},"234":{"start":{"line":401,"column":16},"end":{"line":401,"column":36}},"235":{"start":{"line":402,"column":16},"end":{"line":402,"column":44}},"236":{"start":{"line":403,"column":16},"end":{"line":403,"column":33}},"237":{"start":{"line":404,"column":16},"end":{"line":405,"column":44}},"238":{"start":{"line":405,"column":20},"end":{"line":405,"column":44}},"239":{"start":{"line":408,"column":16},"end":{"line":408,"column":41}},"240":{"start":{"line":409,"column":16},"end":{"line":412,"column":53}},"241":{"start":{"line":410,"column":20},"end":{"line":410,"column":37}},"242":{"start":{"line":412,"column":20},"end":{"line":412,"column":53}},"243":{"start":{"line":414,"column":12},"end":{"line":414,"column":27}},"244":{"start":{"line":416,"column":8},"end":{"line":416,"column":27}},"245":{"start":{"line":417,"column":8},"end":{"line":417,"column":36}},"246":{"start":{"line":418,"column":8},"end":{"line":418,"column":25}},"247":{"start":{"line":419,"column":8},"end":{"line":419,"column":23}},"248":{"start":{"line":422,"column":8},"end":{"line":422,"column":36}},"249":{"start":{"line":423,"column":8},"end":{"line":423,"column":31}},"250":{"start":{"line":424,"column":8},"end":{"line":424,"column":23}},"251":{"start":{"line":431,"column":8},"end":{"line":432,"column":48}},"252":{"start":{"line":432,"column":12},"end":{"line":432,"column":48}},"253":{"start":{"line":436,"column":8},"end":{"line":436,"column":36}},"254":{"start":{"line":437,"column":8},"end":{"line":440,"column":9}},"255":{"start":{"line":438,"column":12},"end":{"line":439,"column":37}},"256":{"start":{"line":439,"column":16},"end":{"line":439,"column":37}},"257":{"start":{"line":441,"column":40},"end":{"line":441,"column":44}},"258":{"start":{"line":442,"column":23},"end":{"line":442,"column":36}},"259":{"start":{"line":443,"column":8},"end":{"line":444,"column":39}},"260":{"start":{"line":444,"column":12},"end":{"line":444,"column":39}},"261":{"start":{"line":445,"column":8},"end":{"line":460,"column":9}},"262":{"start":{"line":446,"column":12},"end":{"line":446,"column":38}},"263":{"start":{"line":448,"column":31},"end":{"line":448,"column":108}},"264":{"start":{"line":449,"column":12},"end":{"line":449,"column":41}},"265":{"start":{"line":451,"column":13},"end":{"line":460,"column":9}},"266":{"start":{"line":452,"column":30},"end":{"line":452,"column":151}},"267":{"start":{"line":453,"column":12},"end":{"line":453,"column":41}},"268":{"start":{"line":456,"column":12},"end":{"line":459,"column":47}},"269":{"start":{"line":457,"column":16},"end":{"line":457,"column":36}},"270":{"start":{"line":459,"column":16},"end":{"line":459,"column":47}},"271":{"start":{"line":461,"column":8},"end":{"line":461,"column":28}},"272":{"start":{"line":462,"column":8},"end":{"line":462,"column":25}},"273":{"start":{"line":463,"column":8},"end":{"line":485,"column":9}},"274":{"start":{"line":464,"column":12},"end":{"line":481,"column":13}},"275":{"start":{"line":467,"column":16},"end":{"line":468,"column":45}},"276":{"start":{"line":468,"column":20},"end":{"line":468,"column":45}},"277":{"start":{"line":469,"column":16},"end":{"line":469,"column":38}},"278":{"start":{"line":473,"column":16},"end":{"line":479,"column":17}},"279":{"start":{"line":475,"column":52},"end":{"line":475,"column":61}},"280":{"start":{"line":476,"column":20},"end":{"line":478,"column":21}},"281":{"start":{"line":477,"column":24},"end":{"line":477,"column":73}},"282":{"start":{"line":480,"column":16},"end":{"line":480,"column":38}},"283":{"start":{"line":484,"column":12},"end":{"line":484,"column":64}},"284":{"start":{"line":486,"column":8},"end":{"line":486,"column":25}},"285":{"start":{"line":487,"column":8},"end":{"line":487,"column":23}},"286":{"start":{"line":490,"column":8},"end":{"line":490,"column":13}},"287":{"start":{"line":494,"column":8},"end":{"line":494,"column":36}},"288":{"start":{"line":495,"column":43},"end":{"line":495,"column":47}},"289":{"start":{"line":496,"column":8},"end":{"line":496,"column":66}},"290":{"start":{"line":497,"column":8},"end":{"line":497,"column":23}},"291":{"start":{"line":501,"column":40},"end":{"line":501,"column":44}},"292":{"start":{"line":502,"column":8},"end":{"line":502,"column":29}},"293":{"start":{"line":503,"column":8},"end":{"line":503,"column":25}},"294":{"start":{"line":504,"column":8},"end":{"line":509,"column":9}},"295":{"start":{"line":505,"column":12},"end":{"line":505,"column":91}},"296":{"start":{"line":508,"column":12},"end":{"line":508,"column":34}},"297":{"start":{"line":512,"column":8},"end":{"line":512,"column":52}},"298":{"start":{"line":515,"column":8},"end":{"line":515,"column":25}},"299":{"start":{"line":516,"column":8},"end":{"line":516,"column":41}},"300":{"start":{"line":517,"column":8},"end":{"line":517,"column":25}},"301":{"start":{"line":521,"column":8},"end":{"line":521,"column":131}},"302":{"start":{"line":522,"column":8},"end":{"line":522,"column":131}},"303":{"start":{"line":525,"column":8},"end":{"line":525,"column":34}},"304":{"start":{"line":526,"column":8},"end":{"line":526,"column":25}},"305":{"start":{"line":527,"column":8},"end":{"line":527,"column":35}},"306":{"start":{"line":530,"column":8},"end":{"line":530,"column":57}},"307":{"start":{"line":533,"column":8},"end":{"line":533,"column":53}},"308":{"start":{"line":536,"column":8},"end":{"line":536,"column":57}},"309":{"start":{"line":540,"column":8},"end":{"line":540,"column":36}},"310":{"start":{"line":541,"column":8},"end":{"line":541,"column":34}},"311":{"start":{"line":543,"column":27},"end":{"line":543,"column":57}},"312":{"start":{"line":544,"column":24},"end":{"line":544,"column":51}},"313":{"start":{"line":545,"column":8},"end":{"line":545,"column":109}},"314":{"start":{"line":546,"column":8},"end":{"line":549,"column":9}},"315":{"start":{"line":547,"column":12},"end":{"line":547,"column":30}},"316":{"start":{"line":548,"column":12},"end":{"line":548,"column":87}},"317":{"start":{"line":550,"column":8},"end":{"line":550,"column":29}},"318":{"start":{"line":554,"column":27},"end":{"line":554,"column":148}},"319":{"start":{"line":555,"column":8},"end":{"line":575,"column":9}},"320":{"start":{"line":556,"column":28},"end":{"line":556,"column":55}},"321":{"start":{"line":557,"column":12},"end":{"line":557,"column":89}},"322":{"start":{"line":559,"column":12},"end":{"line":570,"column":13}},"323":{"start":{"line":560,"column":28},"end":{"line":560,"column":49}},"324":{"start":{"line":561,"column":30},"end":{"line":561,"column":50}},"325":{"start":{"line":562,"column":16},"end":{"line":569,"column":17}},"326":{"start":{"line":563,"column":20},"end":{"line":564,"column":42}},"327":{"start":{"line":564,"column":24},"end":{"line":564,"column":42}},"328":{"start":{"line":565,"column":20},"end":{"line":565,"column":96}},"329":{"start":{"line":568,"column":20},"end":{"line":568,"column":77}},"330":{"start":{"line":571,"column":12},"end":{"line":571,"column":33}},"331":{"start":{"line":574,"column":12},"end":{"line":574,"column":84}},"332":{"start":{"line":578,"column":8},"end":{"line":578,"column":75}},"333":{"start":{"line":581,"column":8},"end":{"line":581,"column":102}},"334":{"start":{"line":584,"column":8},"end":{"line":584,"column":102}},"335":{"start":{"line":587,"column":8},"end":{"line":587,"column":102}},"336":{"start":{"line":590,"column":8},"end":{"line":590,"column":35}},"337":{"start":{"line":591,"column":8},"end":{"line":591,"column":31}},"338":{"start":{"line":594,"column":8},"end":{"line":594,"column":33}},"339":{"start":{"line":595,"column":8},"end":{"line":595,"column":122}},"340":{"start":{"line":596,"column":8},"end":{"line":596,"column":58}},"341":{"start":{"line":599,"column":8},"end":{"line":599,"column":54}},"342":{"start":{"line":602,"column":24},"end":{"line":602,"column":51}},"343":{"start":{"line":603,"column":8},"end":{"line":603,"column":43}},"344":{"start":{"line":604,"column":8},"end":{"line":604,"column":29}},"345":{"start":{"line":607,"column":8},"end":{"line":607,"column":31}},"346":{"start":{"line":611,"column":8},"end":{"line":615,"column":9}},"347":{"start":{"line":612,"column":12},"end":{"line":612,"column":40}},"348":{"start":{"line":613,"column":12},"end":{"line":613,"column":81}},"349":{"start":{"line":614,"column":12},"end":{"line":614,"column":27}},"350":{"start":{"line":618,"column":0},"end":{"line":618,"column":26}}},"fnMap":{"0":{"name":"(anonymous_0)","decl":{"start":{"line":23,"column":4},"end":{"line":23,"column":5}},"loc":{"start":{"line":23,"column":66},"end":{"line":66,"column":5}},"line":23},"1":{"name":"(anonymous_1)","decl":{"start":{"line":49,"column":28},"end":{"line":49,"column":29}},"loc":{"start":{"line":49,"column":34},"end":{"line":57,"column":9}},"line":49},"2":{"name":"(anonymous_2)","decl":{"start":{"line":58,"column":26},"end":{"line":58,"column":27}},"loc":{"start":{"line":58,"column":35},"end":{"line":63,"column":9}},"line":58},"3":{"name":"(anonymous_3)","decl":{"start":{"line":64,"column":24},"end":{"line":64,"column":25}},"loc":{"start":{"line":64,"column":34},"end":{"line":64,"column":55}},"line":64},"4":{"name":"(anonymous_4)","decl":{"start":{"line":67,"column":4},"end":{"line":67,"column":5}},"loc":{"start":{"line":67,"column":26},"end":{"line":69,"column":5}},"line":67},"5":{"name":"(anonymous_5)","decl":{"start":{"line":70,"column":4},"end":{"line":70,"column":5}},"loc":{"start":{"line":70,"column":27},"end":{"line":74,"column":5}},"line":70},"6":{"name":"(anonymous_6)","decl":{"start":{"line":75,"column":4},"end":{"line":75,"column":5}},"loc":{"start":{"line":75,"column":15},"end":{"line":77,"column":5}},"line":75},"7":{"name":"(anonymous_7)","decl":{"start":{"line":78,"column":4},"end":{"line":78,"column":5}},"loc":{"start":{"line":78,"column":20},"end":{"line":83,"column":5}},"line":78},"8":{"name":"(anonymous_8)","decl":{"start":{"line":84,"column":4},"end":{"line":84,"column":5}},"loc":{"start":{"line":84,"column":14},"end":{"line":91,"column":5}},"line":84},"9":{"name":"(anonymous_9)","decl":{"start":{"line":92,"column":4},"end":{"line":92,"column":5}},"loc":{"start":{"line":92,"column":16},"end":{"line":101,"column":5}},"line":92},"10":{"name":"(anonymous_10)","decl":{"start":{"line":102,"column":4},"end":{"line":102,"column":5}},"loc":{"start":{"line":102,"column":33},"end":{"line":110,"column":5}},"line":102},"11":{"name":"(anonymous_11)","decl":{"start":{"line":111,"column":4},"end":{"line":111,"column":5}},"loc":{"start":{"line":111,"column":35},"end":{"line":119,"column":5}},"line":111},"12":{"name":"(anonymous_12)","decl":{"start":{"line":120,"column":4},"end":{"line":120,"column":5}},"loc":{"start":{"line":120,"column":17},"end":{"line":125,"column":5}},"line":120},"13":{"name":"(anonymous_13)","decl":{"start":{"line":127,"column":4},"end":{"line":127,"column":5}},"loc":{"start":{"line":127,"column":16},"end":{"line":234,"column":5}},"line":127},"14":{"name":"(anonymous_14)","decl":{"start":{"line":235,"column":4},"end":{"line":235,"column":5}},"loc":{"start":{"line":235,"column":23},"end":{"line":251,"column":5}},"line":235},"15":{"name":"(anonymous_15)","decl":{"start":{"line":253,"column":4},"end":{"line":253,"column":5}},"loc":{"start":{"line":253,"column":41},"end":{"line":261,"column":5}},"line":253},"16":{"name":"(anonymous_16)","decl":{"start":{"line":262,"column":4},"end":{"line":262,"column":5}},"loc":{"start":{"line":262,"column":22},"end":{"line":289,"column":5}},"line":262},"17":{"name":"(anonymous_17)","decl":{"start":{"line":290,"column":4},"end":{"line":290,"column":5}},"loc":{"start":{"line":290,"column":26},"end":{"line":309,"column":5}},"line":290},"18":{"name":"(anonymous_18)","decl":{"start":{"line":310,"column":4},"end":{"line":310,"column":5}},"loc":{"start":{"line":310,"column":25},"end":{"line":325,"column":5}},"line":310},"19":{"name":"(anonymous_19)","decl":{"start":{"line":326,"column":4},"end":{"line":326,"column":5}},"loc":{"start":{"line":326,"column":23},"end":{"line":370,"column":5}},"line":326},"20":{"name":"(anonymous_20)","decl":{"start":{"line":371,"column":4},"end":{"line":371,"column":5}},"loc":{"start":{"line":371,"column":42},"end":{"line":375,"column":5}},"line":371},"21":{"name":"(anonymous_21)","decl":{"start":{"line":376,"column":4},"end":{"line":376,"column":5}},"loc":{"start":{"line":376,"column":25},"end":{"line":388,"column":5}},"line":376},"22":{"name":"(anonymous_22)","decl":{"start":{"line":389,"column":4},"end":{"line":389,"column":5}},"loc":{"start":{"line":389,"column":26},"end":{"line":420,"column":5}},"line":389},"23":{"name":"(anonymous_23)","decl":{"start":{"line":421,"column":4},"end":{"line":421,"column":5}},"loc":{"start":{"line":421,"column":21},"end":{"line":425,"column":5}},"line":421},"24":{"name":"(anonymous_24)","decl":{"start":{"line":430,"column":4},"end":{"line":430,"column":5}},"loc":{"start":{"line":430,"column":27},"end":{"line":433,"column":5}},"line":430},"25":{"name":"(anonymous_25)","decl":{"start":{"line":434,"column":4},"end":{"line":434,"column":5}},"loc":{"start":{"line":434,"column":34},"end":{"line":488,"column":5}},"line":434},"26":{"name":"(anonymous_26)","decl":{"start":{"line":489,"column":4},"end":{"line":489,"column":5}},"loc":{"start":{"line":489,"column":30},"end":{"line":492,"column":5}},"line":489},"27":{"name":"(anonymous_27)","decl":{"start":{"line":493,"column":4},"end":{"line":493,"column":5}},"loc":{"start":{"line":493,"column":36},"end":{"line":498,"column":5}},"line":493},"28":{"name":"(anonymous_28)","decl":{"start":{"line":500,"column":4},"end":{"line":500,"column":5}},"loc":{"start":{"line":500,"column":30},"end":{"line":510,"column":5}},"line":500},"29":{"name":"(anonymous_29)","decl":{"start":{"line":511,"column":4},"end":{"line":511,"column":5}},"loc":{"start":{"line":511,"column":26},"end":{"line":513,"column":5}},"line":511},"30":{"name":"(anonymous_30)","decl":{"start":{"line":514,"column":4},"end":{"line":514,"column":5}},"loc":{"start":{"line":514,"column":25},"end":{"line":518,"column":5}},"line":514},"31":{"name":"(anonymous_31)","decl":{"start":{"line":519,"column":4},"end":{"line":519,"column":5}},"loc":{"start":{"line":519,"column":25},"end":{"line":523,"column":5}},"line":519},"32":{"name":"(anonymous_32)","decl":{"start":{"line":524,"column":4},"end":{"line":524,"column":5}},"loc":{"start":{"line":524,"column":23},"end":{"line":528,"column":5}},"line":524},"33":{"name":"(anonymous_33)","decl":{"start":{"line":529,"column":4},"end":{"line":529,"column":5}},"loc":{"start":{"line":529,"column":29},"end":{"line":531,"column":5}},"line":529},"34":{"name":"(anonymous_34)","decl":{"start":{"line":532,"column":4},"end":{"line":532,"column":5}},"loc":{"start":{"line":532,"column":26},"end":{"line":534,"column":5}},"line":532},"35":{"name":"(anonymous_35)","decl":{"start":{"line":535,"column":4},"end":{"line":535,"column":5}},"loc":{"start":{"line":535,"column":34},"end":{"line":537,"column":5}},"line":535},"36":{"name":"(anonymous_36)","decl":{"start":{"line":539,"column":4},"end":{"line":539,"column":5}},"loc":{"start":{"line":539,"column":21},"end":{"line":551,"column":5}},"line":539},"37":{"name":"(anonymous_37)","decl":{"start":{"line":552,"column":4},"end":{"line":552,"column":5}},"loc":{"start":{"line":552,"column":22},"end":{"line":576,"column":5}},"line":552},"38":{"name":"(anonymous_38)","decl":{"start":{"line":577,"column":4},"end":{"line":577,"column":5}},"loc":{"start":{"line":577,"column":20},"end":{"line":579,"column":5}},"line":577},"39":{"name":"(anonymous_39)","decl":{"start":{"line":580,"column":4},"end":{"line":580,"column":5}},"loc":{"start":{"line":580,"column":19},"end":{"line":582,"column":5}},"line":580},"40":{"name":"(anonymous_40)","decl":{"start":{"line":583,"column":4},"end":{"line":583,"column":5}},"loc":{"start":{"line":583,"column":22},"end":{"line":585,"column":5}},"line":583},"41":{"name":"(anonymous_41)","decl":{"start":{"line":586,"column":4},"end":{"line":586,"column":5}},"loc":{"start":{"line":586,"column":21},"end":{"line":588,"column":5}},"line":586},"42":{"name":"(anonymous_42)","decl":{"start":{"line":589,"column":4},"end":{"line":589,"column":5}},"loc":{"start":{"line":589,"column":23},"end":{"line":592,"column":5}},"line":589},"43":{"name":"(anonymous_43)","decl":{"start":{"line":593,"column":4},"end":{"line":593,"column":5}},"loc":{"start":{"line":593,"column":28},"end":{"line":597,"column":5}},"line":593},"44":{"name":"(anonymous_44)","decl":{"start":{"line":598,"column":4},"end":{"line":598,"column":5}},"loc":{"start":{"line":598,"column":26},"end":{"line":600,"column":5}},"line":598},"45":{"name":"(anonymous_45)","decl":{"start":{"line":601,"column":4},"end":{"line":601,"column":5}},"loc":{"start":{"line":601,"column":22},"end":{"line":605,"column":5}},"line":601},"46":{"name":"(anonymous_46)","decl":{"start":{"line":606,"column":4},"end":{"line":606,"column":5}},"loc":{"start":{"line":606,"column":26},"end":{"line":608,"column":5}},"line":606},"47":{"name":"(anonymous_47)","decl":{"start":{"line":610,"column":4},"end":{"line":610,"column":5}},"loc":{"start":{"line":610,"column":25},"end":{"line":616,"column":5}},"line":610}},"branchMap":{"0":{"loc":{"start":{"line":23,"column":21},"end":{"line":23,"column":32}},"type":"default-arg","locations":[{"start":{"line":23,"column":30},"end":{"line":23,"column":32}}],"line":23},"1":{"loc":{"start":{"line":23,"column":34},"end":{"line":23,"column":47}},"type":"default-arg","locations":[{"start":{"line":23,"column":45},"end":{"line":23,"column":47}}],"line":23},"2":{"loc":{"start":{"line":23,"column":49},"end":{"line":23,"column":64}},"type":"default-arg","locations":[{"start":{"line":23,"column":62},"end":{"line":23,"column":64}}],"line":23},"3":{"loc":{"start":{"line":59,"column":12},"end":{"line":62,"column":13}},"type":"if","locations":[{"start":{"line":59,"column":12},"end":{"line":62,"column":13}},{"start":{"line":59,"column":12},"end":{"line":62,"column":13}}],"line":59},"4":{"loc":{"start":{"line":72,"column":8},"end":{"line":73,"column":31}},"type":"if","locations":[{"start":{"line":72,"column":8},"end":{"line":73,"column":31}},{"start":{"line":72,"column":8},"end":{"line":73,"column":31}}],"line":72},"5":{"loc":{"start":{"line":79,"column":8},"end":{"line":80,"column":27}},"type":"if","locations":[{"start":{"line":79,"column":8},"end":{"line":80,"column":27}},{"start":{"line":79,"column":8},"end":{"line":80,"column":27}}],"line":79},"6":{"loc":{"start":{"line":85,"column":8},"end":{"line":90,"column":9}},"type":"if","locations":[{"start":{"line":85,"column":8},"end":{"line":90,"column":9}},{"start":{"line":85,"column":8},"end":{"line":90,"column":9}}],"line":85},"7":{"loc":{"start":{"line":86,"column":12},"end":{"line":88,"column":13}},"type":"if","locations":[{"start":{"line":86,"column":12},"end":{"line":88,"column":13}},{"start":{"line":86,"column":12},"end":{"line":88,"column":13}}],"line":86},"8":{"loc":{"start":{"line":93,"column":8},"end":{"line":100,"column":9}},"type":"if","locations":[{"start":{"line":93,"column":8},"end":{"line":100,"column":9}},{"start":{"line":93,"column":8},"end":{"line":100,"column":9}}],"line":93},"9":{"loc":{"start":{"line":93,"column":12},"end":{"line":93,"column":51}},"type":"binary-expr","locations":[{"start":{"line":93,"column":12},"end":{"line":93,"column":32}},{"start":{"line":93,"column":36},"end":{"line":93,"column":51}}],"line":93},"10":{"loc":{"start":{"line":94,"column":12},"end":{"line":99,"column":13}},"type":"if","locations":[{"start":{"line":94,"column":12},"end":{"line":99,"column":13}},{"start":{"line":94,"column":12},"end":{"line":99,"column":13}}],"line":94},"11":{"loc":{"start":{"line":105,"column":18},"end":{"line":105,"column":82}},"type":"cond-expr","locations":[{"start":{"line":105,"column":76},"end":{"line":105,"column":78}},{"start":{"line":105,"column":81},"end":{"line":105,"column":82}}],"line":105},"12":{"loc":{"start":{"line":105,"column":18},"end":{"line":105,"column":73}},"type":"binary-expr","locations":[{"start":{"line":105,"column":18},"end":{"line":105,"column":56}},{"start":{"line":105,"column":60},"end":{"line":105,"column":73}}],"line":105},"13":{"loc":{"start":{"line":106,"column":17},"end":{"line":106,"column":84}},"type":"cond-expr","locations":[{"start":{"line":106,"column":78},"end":{"line":106,"column":80}},{"start":{"line":106,"column":83},"end":{"line":106,"column":84}}],"line":106},"14":{"loc":{"start":{"line":106,"column":17},"end":{"line":106,"column":75}},"type":"binary-expr","locations":[{"start":{"line":106,"column":17},"end":{"line":106,"column":58}},{"start":{"line":106,"column":62},"end":{"line":106,"column":75}}],"line":106},"15":{"loc":{"start":{"line":114,"column":18},"end":{"line":114,"column":82}},"type":"cond-expr","locations":[{"start":{"line":114,"column":76},"end":{"line":114,"column":78}},{"start":{"line":114,"column":81},"end":{"line":114,"column":82}}],"line":114},"16":{"loc":{"start":{"line":114,"column":18},"end":{"line":114,"column":73}},"type":"binary-expr","locations":[{"start":{"line":114,"column":18},"end":{"line":114,"column":56}},{"start":{"line":114,"column":60},"end":{"line":114,"column":73}}],"line":114},"17":{"loc":{"start":{"line":115,"column":17},"end":{"line":115,"column":84}},"type":"cond-expr","locations":[{"start":{"line":115,"column":78},"end":{"line":115,"column":80}},{"start":{"line":115,"column":83},"end":{"line":115,"column":84}}],"line":115},"18":{"loc":{"start":{"line":115,"column":17},"end":{"line":115,"column":75}},"type":"binary-expr","locations":[{"start":{"line":115,"column":17},"end":{"line":115,"column":58}},{"start":{"line":115,"column":62},"end":{"line":115,"column":75}}],"line":115},"19":{"loc":{"start":{"line":128,"column":8},"end":{"line":233,"column":9}},"type":"switch","locations":[{"start":{"line":129,"column":12},"end":{"line":132,"column":13}},{"start":{"line":133,"column":12},"end":{"line":135,"column":13}},{"start":{"line":136,"column":12},"end":{"line":138,"column":22}},{"start":{"line":139,"column":12},"end":{"line":141,"column":22}},{"start":{"line":142,"column":12},"end":{"line":145,"column":13}},{"start":{"line":146,"column":12},"end":{"line":149,"column":13}},{"start":{"line":150,"column":12},"end":{"line":153,"column":13}},{"start":{"line":154,"column":12},"end":{"line":157,"column":13}},{"start":{"line":158,"column":12},"end":{"line":161,"column":13}},{"start":{"line":162,"column":12},"end":{"line":163,"column":22}},{"start":{"line":164,"column":12},"end":{"line":167,"column":13}},{"start":{"line":168,"column":12},"end":{"line":171,"column":13}},{"start":{"line":172,"column":12},"end":{"line":175,"column":13}},{"start":{"line":176,"column":12},"end":{"line":179,"column":13}},{"start":{"line":180,"column":12},"end":{"line":183,"column":13}},{"start":{"line":184,"column":12},"end":{"line":187,"column":13}},{"start":{"line":188,"column":12},"end":{"line":191,"column":13}},{"start":{"line":192,"column":12},"end":{"line":195,"column":13}},{"start":{"line":196,"column":12},"end":{"line":196,"column":25}},{"start":{"line":197,"column":12},"end":{"line":200,"column":13}},{"start":{"line":201,"column":12},"end":{"line":204,"column":13}},{"start":{"line":205,"column":12},"end":{"line":208,"column":13}},{"start":{"line":209,"column":12},"end":{"line":212,"column":13}},{"start":{"line":213,"column":12},"end":{"line":216,"column":13}},{"start":{"line":217,"column":12},"end":{"line":220,"column":13}},{"start":{"line":221,"column":12},"end":{"line":224,"column":13}},{"start":{"line":225,"column":12},"end":{"line":228,"column":13}},{"start":{"line":229,"column":12},"end":{"line":232,"column":13}}],"line":128},"20":{"loc":{"start":{"line":230,"column":36},"end":{"line":230,"column":95}},"type":"cond-expr","locations":[{"start":{"line":230,"column":71},"end":{"line":230,"column":77}},{"start":{"line":230,"column":80},"end":{"line":230,"column":95}}],"line":230},"21":{"loc":{"start":{"line":230,"column":36},"end":{"line":230,"column":68}},"type":"binary-expr","locations":[{"start":{"line":230,"column":36},"end":{"line":230,"column":49}},{"start":{"line":230,"column":53},"end":{"line":230,"column":68}}],"line":230},"22":{"loc":{"start":{"line":238,"column":8},"end":{"line":244,"column":9}},"type":"if","locations":[{"start":{"line":238,"column":8},"end":{"line":244,"column":9}},{"start":{"line":238,"column":8},"end":{"line":244,"column":9}}],"line":238},"23":{"loc":{"start":{"line":253,"column":24},"end":{"line":253,"column":39}},"type":"default-arg","locations":[{"start":{"line":253,"column":35},"end":{"line":253,"column":39}}],"line":253},"24":{"loc":{"start":{"line":259,"column":8},"end":{"line":260,"column":27}},"type":"if","locations":[{"start":{"line":259,"column":8},"end":{"line":260,"column":27}},{"start":{"line":259,"column":8},"end":{"line":260,"column":27}}],"line":259},"25":{"loc":{"start":{"line":266,"column":8},"end":{"line":278,"column":9}},"type":"if","locations":[{"start":{"line":266,"column":8},"end":{"line":278,"column":9}},{"start":{"line":266,"column":8},"end":{"line":278,"column":9}}],"line":266},"26":{"loc":{"start":{"line":279,"column":8},"end":{"line":280,"column":27}},"type":"if","locations":[{"start":{"line":279,"column":8},"end":{"line":280,"column":27}},{"start":{"line":279,"column":8},"end":{"line":280,"column":27}}],"line":279},"27":{"loc":{"start":{"line":282,"column":12},"end":{"line":287,"column":13}},"type":"if","locations":[{"start":{"line":282,"column":12},"end":{"line":287,"column":13}},{"start":{"line":282,"column":12},"end":{"line":287,"column":13}}],"line":282},"28":{"loc":{"start":{"line":296,"column":8},"end":{"line":303,"column":9}},"type":"if","locations":[{"start":{"line":296,"column":8},"end":{"line":303,"column":9}},{"start":{"line":296,"column":8},"end":{"line":303,"column":9}}],"line":296},"29":{"loc":{"start":{"line":314,"column":8},"end":{"line":324,"column":9}},"type":"if","locations":[{"start":{"line":314,"column":8},"end":{"line":324,"column":9}},{"start":{"line":314,"column":8},"end":{"line":324,"column":9}}],"line":314},"30":{"loc":{"start":{"line":337,"column":8},"end":{"line":354,"column":9}},"type":"switch","locations":[{"start":{"line":338,"column":12},"end":{"line":341,"column":13}},{"start":{"line":342,"column":12},"end":{"line":342,"column":40}},{"start":{"line":343,"column":12},"end":{"line":348,"column":13}},{"start":{"line":349,"column":12},"end":{"line":352,"column":13}},{"start":{"line":353,"column":12},"end":{"line":353,"column":20}}],"line":337},"31":{"loc":{"start":{"line":355,"column":8},"end":{"line":358,"column":49}},"type":"if","locations":[{"start":{"line":355,"column":8},"end":{"line":358,"column":49}},{"start":{"line":355,"column":8},"end":{"line":358,"column":49}}],"line":355},"32":{"loc":{"start":{"line":357,"column":13},"end":{"line":358,"column":49}},"type":"if","locations":[{"start":{"line":357,"column":13},"end":{"line":358,"column":49}},{"start":{"line":357,"column":13},"end":{"line":358,"column":49}}],"line":357},"33":{"loc":{"start":{"line":371,"column":26},"end":{"line":371,"column":40}},"type":"default-arg","locations":[{"start":{"line":371,"column":36},"end":{"line":371,"column":40}}],"line":371},"34":{"loc":{"start":{"line":373,"column":8},"end":{"line":374,"column":27}},"type":"if","locations":[{"start":{"line":373,"column":8},"end":{"line":374,"column":27}},{"start":{"line":373,"column":8},"end":{"line":374,"column":27}}],"line":373},"35":{"loc":{"start":{"line":399,"column":12},"end":{"line":413,"column":13}},"type":"if","locations":[{"start":{"line":399,"column":12},"end":{"line":413,"column":13}},{"start":{"line":399,"column":12},"end":{"line":413,"column":13}}],"line":399},"36":{"loc":{"start":{"line":400,"column":36},"end":{"line":400,"column":91}},"type":"cond-expr","locations":[{"start":{"line":400,"column":64},"end":{"line":400,"column":84}},{"start":{"line":400,"column":87},"end":{"line":400,"column":91}}],"line":400},"37":{"loc":{"start":{"line":404,"column":16},"end":{"line":405,"column":44}},"type":"if","locations":[{"start":{"line":404,"column":16},"end":{"line":405,"column":44}},{"start":{"line":404,"column":16},"end":{"line":405,"column":44}}],"line":404},"38":{"loc":{"start":{"line":409,"column":16},"end":{"line":412,"column":53}},"type":"if","locations":[{"start":{"line":409,"column":16},"end":{"line":412,"column":53}},{"start":{"line":409,"column":16},"end":{"line":412,"column":53}}],"line":409},"39":{"loc":{"start":{"line":437,"column":8},"end":{"line":440,"column":9}},"type":"if","locations":[{"start":{"line":437,"column":8},"end":{"line":440,"column":9}},{"start":{"line":437,"column":8},"end":{"line":440,"column":9}}],"line":437},"40":{"loc":{"start":{"line":438,"column":12},"end":{"line":439,"column":37}},"type":"if","locations":[{"start":{"line":438,"column":12},"end":{"line":439,"column":37}},{"start":{"line":438,"column":12},"end":{"line":439,"column":37}}],"line":438},"41":{"loc":{"start":{"line":438,"column":16},"end":{"line":438,"column":77}},"type":"binary-expr","locations":[{"start":{"line":438,"column":16},"end":{"line":438,"column":44}},{"start":{"line":438,"column":48},"end":{"line":438,"column":77}}],"line":438},"42":{"loc":{"start":{"line":443,"column":8},"end":{"line":444,"column":39}},"type":"if","locations":[{"start":{"line":443,"column":8},"end":{"line":444,"column":39}},{"start":{"line":443,"column":8},"end":{"line":444,"column":39}}],"line":443},"43":{"loc":{"start":{"line":443,"column":13},"end":{"line":443,"column":89}},"type":"cond-expr","locations":[{"start":{"line":443,"column":58},"end":{"line":443,"column":64}},{"start":{"line":443,"column":67},"end":{"line":443,"column":89}}],"line":443},"44":{"loc":{"start":{"line":443,"column":13},"end":{"line":443,"column":55}},"type":"binary-expr","locations":[{"start":{"line":443,"column":13},"end":{"line":443,"column":31}},{"start":{"line":443,"column":35},"end":{"line":443,"column":55}}],"line":443},"45":{"loc":{"start":{"line":445,"column":8},"end":{"line":460,"column":9}},"type":"if","locations":[{"start":{"line":445,"column":8},"end":{"line":460,"column":9}},{"start":{"line":445,"column":8},"end":{"line":460,"column":9}}],"line":445},"46":{"loc":{"start":{"line":448,"column":31},"end":{"line":448,"column":108}},"type":"cond-expr","locations":[{"start":{"line":448,"column":87},"end":{"line":448,"column":93}},{"start":{"line":448,"column":96},"end":{"line":448,"column":108}}],"line":448},"47":{"loc":{"start":{"line":448,"column":31},"end":{"line":448,"column":84}},"type":"binary-expr","locations":[{"start":{"line":448,"column":31},"end":{"line":448,"column":67}},{"start":{"line":448,"column":71},"end":{"line":448,"column":84}}],"line":448},"48":{"loc":{"start":{"line":451,"column":13},"end":{"line":460,"column":9}},"type":"if","locations":[{"start":{"line":451,"column":13},"end":{"line":460,"column":9}},{"start":{"line":451,"column":13},"end":{"line":460,"column":9}}],"line":451},"49":{"loc":{"start":{"line":452,"column":30},"end":{"line":452,"column":151}},"type":"cond-expr","locations":[{"start":{"line":452,"column":130},"end":{"line":452,"column":136}},{"start":{"line":452,"column":139},"end":{"line":452,"column":151}}],"line":452},"50":{"loc":{"start":{"line":452,"column":30},"end":{"line":452,"column":127}},"type":"binary-expr","locations":[{"start":{"line":452,"column":30},"end":{"line":452,"column":110}},{"start":{"line":452,"column":114},"end":{"line":452,"column":127}}],"line":452},"51":{"loc":{"start":{"line":452,"column":36},"end":{"line":452,"column":100}},"type":"cond-expr","locations":[{"start":{"line":452,"column":71},"end":{"line":452,"column":77}},{"start":{"line":452,"column":80},"end":{"line":452,"column":100}}],"line":452},"52":{"loc":{"start":{"line":452,"column":36},"end":{"line":452,"column":68}},"type":"binary-expr","locations":[{"start":{"line":452,"column":36},"end":{"line":452,"column":49}},{"start":{"line":452,"column":53},"end":{"line":452,"column":68}}],"line":452},"53":{"loc":{"start":{"line":456,"column":12},"end":{"line":459,"column":47}},"type":"if","locations":[{"start":{"line":456,"column":12},"end":{"line":459,"column":47}},{"start":{"line":456,"column":12},"end":{"line":459,"column":47}}],"line":456},"54":{"loc":{"start":{"line":463,"column":8},"end":{"line":485,"column":9}},"type":"if","locations":[{"start":{"line":463,"column":8},"end":{"line":485,"column":9}},{"start":{"line":463,"column":8},"end":{"line":485,"column":9}}],"line":463},"55":{"loc":{"start":{"line":464,"column":12},"end":{"line":481,"column":13}},"type":"if","locations":[{"start":{"line":464,"column":12},"end":{"line":481,"column":13}},{"start":{"line":464,"column":12},"end":{"line":481,"column":13}}],"line":464},"56":{"loc":{"start":{"line":464,"column":16},"end":{"line":466,"column":60}},"type":"binary-expr","locations":[{"start":{"line":464,"column":16},"end":{"line":464,"column":71}},{"start":{"line":465,"column":16},"end":{"line":465,"column":46}},{"start":{"line":466,"column":16},"end":{"line":466,"column":60}}],"line":464},"57":{"loc":{"start":{"line":467,"column":16},"end":{"line":468,"column":45}},"type":"if","locations":[{"start":{"line":467,"column":16},"end":{"line":468,"column":45}},{"start":{"line":467,"column":16},"end":{"line":468,"column":45}}],"line":467},"58":{"loc":{"start":{"line":473,"column":16},"end":{"line":479,"column":17}},"type":"if","locations":[{"start":{"line":473,"column":16},"end":{"line":479,"column":17}},{"start":{"line":473,"column":16},"end":{"line":479,"column":17}}],"line":473},"59":{"loc":{"start":{"line":473,"column":20},"end":{"line":474,"column":54}},"type":"binary-expr","locations":[{"start":{"line":473,"column":20},"end":{"line":473,"column":57}},{"start":{"line":474,"column":20},"end":{"line":474,"column":54}}],"line":473},"60":{"loc":{"start":{"line":476,"column":20},"end":{"line":478,"column":21}},"type":"if","locations":[{"start":{"line":476,"column":20},"end":{"line":478,"column":21}},{"start":{"line":476,"column":20},"end":{"line":478,"column":21}}],"line":476},"61":{"loc":{"start":{"line":476,"column":24},"end":{"line":476,"column":87}},"type":"binary-expr","locations":[{"start":{"line":476,"column":24},"end":{"line":476,"column":54}},{"start":{"line":476,"column":58},"end":{"line":476,"column":87}}],"line":476},"62":{"loc":{"start":{"line":504,"column":8},"end":{"line":509,"column":9}},"type":"if","locations":[{"start":{"line":504,"column":8},"end":{"line":509,"column":9}},{"start":{"line":504,"column":8},"end":{"line":509,"column":9}}],"line":504},"63":{"loc":{"start":{"line":521,"column":20},"end":{"line":521,"column":129}},"type":"cond-expr","locations":[{"start":{"line":521,"column":113},"end":{"line":521,"column":119}},{"start":{"line":521,"column":122},"end":{"line":521,"column":129}}],"line":521},"64":{"loc":{"start":{"line":521,"column":20},"end":{"line":521,"column":110}},"type":"binary-expr","locations":[{"start":{"line":521,"column":20},"end":{"line":521,"column":93}},{"start":{"line":521,"column":97},"end":{"line":521,"column":110}}],"line":521},"65":{"loc":{"start":{"line":521,"column":26},"end":{"line":521,"column":83}},"type":"cond-expr","locations":[{"start":{"line":521,"column":61},"end":{"line":521,"column":67}},{"start":{"line":521,"column":70},"end":{"line":521,"column":83}}],"line":521},"66":{"loc":{"start":{"line":521,"column":26},"end":{"line":521,"column":58}},"type":"binary-expr","locations":[{"start":{"line":521,"column":26},"end":{"line":521,"column":39}},{"start":{"line":521,"column":43},"end":{"line":521,"column":58}}],"line":521},"67":{"loc":{"start":{"line":522,"column":20},"end":{"line":522,"column":129}},"type":"cond-expr","locations":[{"start":{"line":522,"column":113},"end":{"line":522,"column":119}},{"start":{"line":522,"column":122},"end":{"line":522,"column":129}}],"line":522},"68":{"loc":{"start":{"line":522,"column":20},"end":{"line":522,"column":110}},"type":"binary-expr","locations":[{"start":{"line":522,"column":20},"end":{"line":522,"column":93}},{"start":{"line":522,"column":97},"end":{"line":522,"column":110}}],"line":522},"69":{"loc":{"start":{"line":522,"column":26},"end":{"line":522,"column":83}},"type":"cond-expr","locations":[{"start":{"line":522,"column":61},"end":{"line":522,"column":67}},{"start":{"line":522,"column":70},"end":{"line":522,"column":83}}],"line":522},"70":{"loc":{"start":{"line":522,"column":26},"end":{"line":522,"column":58}},"type":"binary-expr","locations":[{"start":{"line":522,"column":26},"end":{"line":522,"column":39}},{"start":{"line":522,"column":43},"end":{"line":522,"column":58}}],"line":522},"71":{"loc":{"start":{"line":554,"column":27},"end":{"line":554,"column":148}},"type":"cond-expr","locations":[{"start":{"line":554,"column":127},"end":{"line":554,"column":133}},{"start":{"line":554,"column":136},"end":{"line":554,"column":148}}],"line":554},"72":{"loc":{"start":{"line":554,"column":27},"end":{"line":554,"column":124}},"type":"binary-expr","locations":[{"start":{"line":554,"column":27},"end":{"line":554,"column":107}},{"start":{"line":554,"column":111},"end":{"line":554,"column":124}}],"line":554},"73":{"loc":{"start":{"line":554,"column":33},"end":{"line":554,"column":97}},"type":"cond-expr","locations":[{"start":{"line":554,"column":68},"end":{"line":554,"column":74}},{"start":{"line":554,"column":77},"end":{"line":554,"column":97}}],"line":554},"74":{"loc":{"start":{"line":554,"column":33},"end":{"line":554,"column":65}},"type":"binary-expr","locations":[{"start":{"line":554,"column":33},"end":{"line":554,"column":46}},{"start":{"line":554,"column":50},"end":{"line":554,"column":65}}],"line":554},"75":{"loc":{"start":{"line":555,"column":8},"end":{"line":575,"column":9}},"type":"if","locations":[{"start":{"line":555,"column":8},"end":{"line":575,"column":9}},{"start":{"line":555,"column":8},"end":{"line":575,"column":9}}],"line":555},"76":{"loc":{"start":{"line":562,"column":16},"end":{"line":569,"column":17}},"type":"if","locations":[{"start":{"line":562,"column":16},"end":{"line":569,"column":17}},{"start":{"line":562,"column":16},"end":{"line":569,"column":17}}],"line":562},"77":{"loc":{"start":{"line":562,"column":20},"end":{"line":562,"column":48}},"type":"binary-expr","locations":[{"start":{"line":562,"column":20},"end":{"line":562,"column":33}},{"start":{"line":562,"column":37},"end":{"line":562,"column":48}}],"line":562},"78":{"loc":{"start":{"line":563,"column":20},"end":{"line":564,"column":42}},"type":"if","locations":[{"start":{"line":563,"column":20},"end":{"line":564,"column":42}},{"start":{"line":563,"column":20},"end":{"line":564,"column":42}}],"line":563},"79":{"loc":{"start":{"line":578,"column":20},"end":{"line":578,"column":73}},"type":"cond-expr","locations":[{"start":{"line":578,"column":55},"end":{"line":578,"column":61}},{"start":{"line":578,"column":64},"end":{"line":578,"column":73}}],"line":578},"80":{"loc":{"start":{"line":578,"column":20},"end":{"line":578,"column":52}},"type":"binary-expr","locations":[{"start":{"line":578,"column":20},"end":{"line":578,"column":33}},{"start":{"line":578,"column":37},"end":{"line":578,"column":52}}],"line":578},"81":{"loc":{"start":{"line":581,"column":46},"end":{"line":581,"column":99}},"type":"cond-expr","locations":[{"start":{"line":581,"column":81},"end":{"line":581,"column":87}},{"start":{"line":581,"column":90},"end":{"line":581,"column":99}}],"line":581},"82":{"loc":{"start":{"line":581,"column":46},"end":{"line":581,"column":78}},"type":"binary-expr","locations":[{"start":{"line":581,"column":46},"end":{"line":581,"column":59}},{"start":{"line":581,"column":63},"end":{"line":581,"column":78}}],"line":581},"83":{"loc":{"start":{"line":584,"column":46},"end":{"line":584,"column":99}},"type":"cond-expr","locations":[{"start":{"line":584,"column":81},"end":{"line":584,"column":87}},{"start":{"line":584,"column":90},"end":{"line":584,"column":99}}],"line":584},"84":{"loc":{"start":{"line":584,"column":46},"end":{"line":584,"column":78}},"type":"binary-expr","locations":[{"start":{"line":584,"column":46},"end":{"line":584,"column":59}},{"start":{"line":584,"column":63},"end":{"line":584,"column":78}}],"line":584},"85":{"loc":{"start":{"line":587,"column":46},"end":{"line":587,"column":99}},"type":"cond-expr","locations":[{"start":{"line":587,"column":81},"end":{"line":587,"column":87}},{"start":{"line":587,"column":90},"end":{"line":587,"column":99}}],"line":587},"86":{"loc":{"start":{"line":587,"column":46},"end":{"line":587,"column":78}},"type":"binary-expr","locations":[{"start":{"line":587,"column":46},"end":{"line":587,"column":59}},{"start":{"line":587,"column":63},"end":{"line":587,"column":78}}],"line":587}},"s":{"0":1,"1":1,"2":1,"3":1,"4":1,"5":1,"6":1,"7":0,"8":0,"9":0,"10":0,"11":0,"12":0,"13":0,"14":0,"15":0,"16":0,"17":0,"18":0,"19":0,"20":0,"21":0,"22":0,"23":0,"24":0,"25":0,"26":0,"27":0,"28":0,"29":0,"30":0,"31":0,"32":0,"33":0,"34":0,"35":0,"36":0,"37":0,"38":0,"39":0,"40":0,"41":0,"42":0,"43":0,"44":0,"45":0,"46":0,"47":0,"48":0,"49":0,"50":0,"51":0,"52":0,"53":0,"54":0,"55":0,"56":0,"57":0,"58":0,"59":0,"60":0,"61":0,"62":0,"63":0,"64":0,"65":0,"66":0,"67":0,"68":0,"69":0,"70":0,"71":0,"72":0,"73":0,"74":0,"75":0,"76":0,"77":0,"78":0,"79":0,"80":0,"81":0,"82":0,"83":0,"84":0,"85":0,"86":0,"87":0,"88":0,"89":0,"90":0,"91":0,"92":0,"93":0,"94":0,"95":0,"96":0,"97":0,"98":0,"99":0,"100":0,"101":0,"102":0,"103":0,"104":0,"105":0,"106":0,"107":0,"108":0,"109":0,"110":0,"111":0,"112":0,"113":0,"114":0,"115":0,"116":0,"117":0,"118":0,"119":0,"120":0,"121":0,"122":0,"123":0,"124":0,"125":0,"126":0,"127":0,"128":0,"129":0,"130":0,"131":0,"132":0,"133":0,"134":0,"135":0,"136":0,"137":0,"138":0,"139":0,"140":0,"141":0,"142":0,"143":0,"144":0,"145":0,"146":0,"147":0,"148":0,"149":0,"150":0,"151":0,"152":0,"153":0,"154":0,"155":0,"156":0,"157":0,"158":0,"159":0,"160":0,"161":0,"162":0,"163":0,"164":0,"165":0,"166":0,"167":0,"168":0,"169":0,"170":0,"171":0,"172":0,"173":0,"174":0,"175":0,"176":0,"177":0,"178":0,"179":0,"180":0,"181":0,"182":0,"183":0,"184":0,"185":0,"186":0,"187":0,"188":0,"189":0,"190":0,"191":0,"192":0,"193":0,"194":0,"195":0,"196":0,"197":0,"198":0,"199":0,"200":0,"201":0,"202":0,"203":0,"204":0,"205":0,"206":0,"207":0,"208":0,"209":0,"210":0,"211":0,"212":0,"213":0,"214":0,"215":0,"216":0,"217":0,"218":0,"219":0,"220":0,"221":0,"222":0,"223":0,"224":0,"225":0,"226":0,"227":0,"228":0,"229":0,"230":0,"231":0,"232":0,"233":0,"234":0,"235":0,"236":0,"237":0,"238":0,"239":0,"240":0,"241":0,"242":0,"243":0,"244":0,"245":0,"246":0,"247":0,"248":0,"249":0,"250":0,"251":0,"252":0,"253":0,"254":0,"255":0,"256":0,"257":0,"258":0,"259":0,"260":0,"261":0,"262":0,"263":0,"264":0,"265":0,"266":0,"267":0,"268":0,"269":0,"270":0,"271":0,"272":0,"273":0,"274":0,"275":0,"276":0,"277":0,"278":0,"279":0,"280":0,"281":0,"282":0,"283":0,"284":0,"285":0,"286":0,"287":0,"288":0,"289":0,"290":0,"291":0,"292":0,"293":0,"294":0,"295":0,"296":0,"297":0,"298":0,"299":0,"300":0,"301":0,"302":0,"303":0,"304":0,"305":0,"306":0,"307":0,"308":0,"309":0,"310":0,"311":0,"312":0,"313":0,"314":0,"315":0,"316":0,"317":0,"318":0,"319":0,"320":0,"321":0,"322":0,"323":0,"324":0,"325":0,"326":0,"327":0,"328":0,"329":0,"330":0,"331":0,"332":0,"333":0,"334":0,"335":0,"336":0,"337":0,"338":0,"339":0,"340":0,"341":0,"342":0,"343":0,"344":0,"345":0,"346":0,"347":0,"348":0,"349":0,"350":1},"f":{"0":0,"1":0,"2":0,"3":0,"4":0,"5":0,"6":0,"7":0,"8":0,"9":0,"10":0,"11":0,"12":0,"13":0,"14":0,"15":0,"16":0,"17":0,"18":0,"19":0,"20":0,"21":0,"22":0,"23":0,"24":0,"25":0,"26":0,"27":0,"28":0,"29":0,"30":0,"31":0,"32":0,"33":0,"34":0,"35":0,"36":0,"37":0,"38":0,"39":0,"40":0,"41":0,"42":0,"43":0,"44":0,"45":0,"46":0,"47":0},"b":{"0":[0],"1":[0],"2":[0],"3":[0,0],"4":[0,0],"5":[0,0],"6":[0,0],"7":[0,0],"8":[0,0],"9":[0,0],"10":[0,0],"11":[0,0],"12":[0,0],"13":[0,0],"14":[0,0],"15":[0,0],"16":[0,0],"17":[0,0],"18":[0,0],"19":[0,0,0,0,0,0,0,0,0,0,0,0,0,0,0,0,0,0,0,0,0,0,0,0,0,0,0,0],"20":[0,0],"21":[0,0],"22":[0,0],"23":[0],"24":[0,0],"25":[0,0],"26":[0,0],"27":[0,0],"28":[0,0],"29":[0,0],"30":[0,0,0,0,0],"31":[0,0],"32":[0,0],"33":[0],"34":[0,0],"35":[0,0],"36":[0,0],"37":[0,0],"38":[0,0],"39":[0,0],"40":[0,0],"41":[0,0],"42":[0,0],"43":[0,0],"44":[0,0],"45":[0,0],"46":[0,0],"47":[0,0],"48":[0,0],"49":[0,0],"50":[0,0],"51":[0,0],"52":[0,0],"53":[0,0],"54":[0,0],"55":[0,0],"56":[0,0,0],"57":[0,0],"58":[0,0],"59":[0,0],"60":[0,0],"61":[0,0],"62":[0,0],"63":[0,0],"64":[0,0],"65":[0,0],"66":[0,0],"67":[0,0],"68":[0,0],"69":[0,0],"70":[0,0],"71":[0,0],"72":[0,0],"73":[0,0],"74":[0,0],"75":[0,0],"76":[0,0],"77":[0,0],"78":[0,0],"79":[0,0],"80":[0,0],"81":[0,0],"82":[0,0],"83":[0,0],"84":[0,0],"85":[0,0],"86":[0,0]},"inputSourceMap":{"version":3,"file":"index.js","sourceRoot":"","sources":["../../../../src/lib/codegen/index.ts"],"names":[],"mappings":";AAAA;;;;;;IAMI;;AA0CJ,wEAGuC;AACvC,kDAA0E;AAC1E,4CAAmD;AACnD,2DAA8D;AAC9D,mDAAiD;AAEjD,2DAA6D;AAE7D,wBAAwB;AACxB,4DAA4D;AAC5D,+CAA+C;AAE/C,wBAAwB;AACxB,kDAAkD;AAClD,+CAA+C;AAC/C,MAAM,OAAO;IA6BX,YACU,GAAS,EACT,SAA2B,EAAE,EAC7B,WAA6B,EAAE,EAC/B,aAA8C,EAAE;QAHhD,QAAG,GAAH,GAAG,CAAM;QACT,WAAM,GAAN,MAAM,CAAuB;QAC7B,aAAQ,GAAR,QAAQ,CAAuB;QAC/B,eAAU,GAAV,UAAU,CAAsC;QAhClD,UAAK,GAAa,EAAE,CAAC;QAE7B,wCAAwC;QAChC,aAAQ,GAAa,EAAE,CAAC;QACxB,4BAAuB,GAAgB,IAAI,GAAG,EAAU,CAAC;QAEzD,qBAAgB,GAAG,KAAK,CAAC;QACzB,aAAQ,GAAa,EAAE,CAAC;QACxB,gBAAW,GAAG,CAAC,CAAC;QAEhB,cAAS,GAAkB,EAAE,CAAC;QACtC,gBAAW,GAAgB;YACzB,IAAI,EAAE,MAAM;YACZ,UAAU,EAAE,KAAK;YACjB,IAAI,EAAE,EAAE;YACR,QAAQ,EAAE;gBACR,CAAC,KAAK,EAAE,MAAM,CAAC;gBACf,CAAC,MAAM,EAAE,QAAQ,CAAC;aACnB;YACD,WAAW,EAAE,EAAE;SAChB,CAAC;QACF,gBAAW,GAAG,CAAC,CAAC;QAIR,gBAAW,GAAG,KAAK,CAAC;QACpB,gBAAW,GAAa,EAAE,CAAC;QA8BnC,iBAAY,GAAG,GAAG,EAAE;YAClB,MAAM,OAAO,GAAG,sCAAe,CAAC,IAAI,CAAC,SAAS,CAAC,CAAC;YAChD,OAAO;gBACL,GAAG,IAAI,CAAC,QAAQ;gBAChB,0CAAsB,CAAC,IAAI,CAAC,UAAU,CAAC;gBACvC,GAAG,IAAI,CAAC,KAAK;gBACb,OAAO;aACR,CAAC,IAAI,CAAC,IAAI,CAAC,CAAC;QACf,CAAC,CAAC;QAqBF,eAAU,GAAG,CAAC,GAAW,EAAE,EAAE;YAC3B,IAAI,CAAC,IAAI,CAAC,uBAAuB,CAAC,GAAG,CAAC,GAAG,CAAC,EAAE;gBAC1C,IAAI,CAAC,QAAQ,CAAC,IAAI,CAAC,YAAY,GAAG,KAAK,CAAC,CAAC;gBACzC,IAAI,CAAC,uBAAuB,CAAC,GAAG,CAAC,GAAG,CAAC,CAAC;aACvC;QACH,CAAC,CAAC;QAEF,aAAQ,GAAG,CAAC,IAAY,EAAE,EAAE,CAAC,IAAI,CAAC,KAAK,CAAC,IAAI,CAAC,IAAI,CAAC,CAAC;QA1DjD,IAAI,CAAC,YAAY,GAAG,IAAI,CAAC,GAAG,CAAC,QAA0B,CAAC;IAC1D,CAAC;IAED,IAAI,eAAe;QACjB,OAAO,IAAI,CAAC,gBAAgB,CAAC;IAC/B,CAAC;IAED,IAAI,eAAe,CAAC,CAAU;QAC5B,IAAI,CAAC,gBAAgB,GAAG,CAAC,CAAC;QAC1B,IAAI,CAAC,IAAI,KAAK;YAAE,IAAI,CAAC,QAAQ,GAAG,EAAE,CAAC;IACrC,CAAC;IAED,QAAQ;QACN,OAAO,CAAC,GAAG,CAAC,IAAI,CAAC,GAAG,CAAC,QAAQ,CAAC,QAAQ,EAAE,CAAC,CAAC;IAC5C,CAAC;IAED,UAAU,CAAC,GAAU;QACnB,IAAI,GAAG;YAAE,IAAI,CAAC,GAAG,GAAG,GAAG,CAAC;QACxB,IAAI,CAAC,KAAK,CAAC,IAAI,CAAC,GAAG,CAAC,QAAQ,CAAC,CAAC;QAC9B,OAAO,IAAI,CAAC,YAAY,EAAE,CAAC;IAC7B,CAAC;IAYD,OAAO;QACL,IAAI,CAAC,IAAI,CAAC,WAAW,EAAE;YACrB,IAAI,IAAI,CAAC,QAAQ,CAAC,MAAM,IAAI,CAAC,EAAE;gBAC7B,IAAI,CAAC,WAAW,CAAC,IAAI,CAAC,IAAI,CAAC,IAAI,CAAC,MAAM,GAAG,IAAI,CAAC,QAAQ,CAAC,IAAI,CAAC,GAAG,CAAC,CAAC,CAAC;aACnE;YACD,IAAI,CAAC,eAAe,GAAG,KAAK,CAAC;SAC9B;IACH,CAAC;IAED,MAAM,CAAC,GAAW;QAChB,IAAI,IAAI,CAAC,eAAe,IAAI,GAAG,CAAC,MAAM,IAAI,CAAC,EAAE;YAC3C,IAAI,IAAI,CAAC,WAAW,EAAE;gBACpB,IAAI,CAAC,WAAW,CAAC,IAAI,CAAC,GAAG,CAAC,CAAC;aAC5B;iBAAM;gBACL,IAAI,CAAC,QAAQ,CAAC,IAAI,CAAC,GAAG,CAAC,CAAC;aACzB;SACF;IACH,CAAC;IAWD,QAAQ,CAAC,IAAgB,EAAE,YAAoB;;QAC7C,IAAI,CAAC,MAAM,CAAC,IAAI,CAAC;YACf,IAAI,QAAE,IAAI,CAAC,aAAa,CAAC,GAAG,mCAAI,CAAC;YACjC,GAAG,QAAE,IAAI,CAAC,aAAa,CAAC,MAAM,mCAAI,CAAC;YACnC,YAAY;YACZ,SAAS,EAAE,iCAAkB,CAAC,aAAa;SAC5C,CAAC,CAAC;IACL,CAAC;IAED,UAAU,CAAC,IAAgB,EAAE,YAAoB;;QAC/C,IAAI,CAAC,QAAQ,CAAC,IAAI,CAAC;YACjB,IAAI,QAAE,IAAI,CAAC,aAAa,CAAC,GAAG,mCAAI,CAAC;YACjC,GAAG,QAAE,IAAI,CAAC,aAAa,CAAC,MAAM,mCAAI,CAAC;YACnC,YAAY;YACZ,SAAS,EAAE,iCAAkB,CAAC,aAAa;SAC5C,CAAC,CAAC;IACL,CAAC;IAED,IAAI,MAAM;QACR,IAAI,SAAS,GAAG,EAAE,CAAC;QACnB,KAAK,IAAI,CAAC,GAAG,CAAC,EAAE,CAAC,GAAG,IAAI,CAAC,WAAW,EAAE,CAAC,EA
[...]
line":69,"column":9}}],"line":64},"14":{"loc":{"start":{"line":64,"column":12},"end":{"line":64,"column":59}},"type":"binary-expr","locations":[{"start":{"line":64,"column":12},"end":{"line":64,"column":33}},{"start":{"line":64,"column":37},"end":{"line":64,"column":59}}],"line":64},"15":{"loc":{"start":{"line":70,"column":8},"end":{"line":86,"column":9}},"type":"if","locations":[{"start":{"line":70,"column":8},"end":{"line":86,"column":9}},{"start":{"line":70,"column":8},"end":{"line":86,"column":9}}],"line":70},"16":{"loc":{"start":{"line":70,"column":12},"end":{"line":73,"column":34}},"type":"binary-expr","locations":[{"start":{"line":70,"column":12},"end":{"line":70,"column":33}},{"start":{"line":71,"column":12},"end":{"line":71,"column":34}},{"start":{"line":72,"column":12},"end":{"line":72,"column":33}},{"start":{"line":73,"column":12},"end":{"line":73,"column":34}}],"line":70},"17":{"loc":{"start":{"line":79,"column":12},"end":{"line":85,"column":13}},"type":"if","locations":[{"start":{"line":79,"column":12},"end":{"line":85,"column":13}},{"start":{"line":79,"column":12},"end":{"line":85,"column":13}}],"line":79},"18":{"loc":{"start":{"line":99,"column":4},"end":{"line":124,"column":5}},"type":"if","locations":[{"start":{"line":99,"column":4},"end":{"line":124,"column":5}},{"start":{"line":99,"column":4},"end":{"line":124,"column":5}}],"line":99},"19":{"loc":{"start":{"line":102,"column":32},"end":{"line":104,"column":48}},"type":"cond-expr","locations":[{"start":{"line":103,"column":14},"end":{"line":103,"column":51}},{"start":{"line":104,"column":14},"end":{"line":104,"column":48}}],"line":102},"20":{"loc":{"start":{"line":110,"column":27},"end":{"line":110,"column":54}},"type":"cond-expr","locations":[{"start":{"line":110,"column":42},"end":{"line":110,"column":46}},{"start":{"line":110,"column":49},"end":{"line":110,"column":54}}],"line":110},"21":{"loc":{"start":{"line":111,"column":8},"end":{"line":112,"column":49}},"type":"if","locations":[{"start":{"line":111,"column":8},"end":{"line":112,"column":49}},{"start":{"line":111,"column":8},"end":{"line":112,"column":49}}],"line":111},"22":{"loc":{"start":{"line":113,"column":8},"end":{"line":114,"column":55}},"type":"if","locations":[{"start":{"line":113,"column":8},"end":{"line":114,"column":55}},{"start":{"line":113,"column":8},"end":{"line":114,"column":55}}],"line":113},"23":{"loc":{"start":{"line":119,"column":8},"end":{"line":120,"column":51}},"type":"if","locations":[{"start":{"line":119,"column":8},"end":{"line":120,"column":51}},{"start":{"line":119,"column":8},"end":{"line":120,"column":51}}],"line":119}},"s":{"0":1,"1":1,"2":1,"3":1,"4":1,"5":1,"6":1,"7":1,"8":1,"9":0,"10":0,"11":0,"12":0,"13":0,"14":0,"15":0,"16":0,"17":0,"18":0,"19":0,"20":0,"21":0,"22":0,"23":0,"24":0,"25":0,"26":0,"27":0,"28":0,"29":0,"30":0,"31":0,"32":0,"33":0,"34":0,"35":0,"36":0,"37":0,"38":0,"39":0,"40":0,"41":0,"42":0,"43":0,"44":0,"45":0,"46":0,"47":0,"48":0,"49":0,"50":0,"51":0,"52":0,"53":0,"54":0,"55":0,"56":0,"57":0,"58":0,"59":0,"60":0,"61":0,"62":0,"63":0,"64":0,"65":0,"66":0,"67":0,"68":0,"69":0,"70":0,"71":0,"72":0,"73":0,"74":1},"f":{"0":0,"1":0,"2":0,"3":0},"b":{"0":[0,0],"1":[0,0],"2":[0,0],"3":[0,0],"4":[0,0],"5":[0,0],"6":[0,0],"7":[0,0],"8":[0,0],"9":[0,0],"10":[0,0],"11":[0,0],"12":[0,0],"13":[0,0],"14":[0,0],"15":[0,0],"16":[0,0,0,0],"17":[0,0],"18":[0,0],"19":[0,0],"20":[0,0],"21":[0,0],"22":[0,0],"23":[0,0]},"inputSourceMap":{"version":3,"file":"variableDeclResolver.js","sourceRoot":"","sources":["../../../../src/lib/resolver/variableDeclResolver.ts"],"names":[],"mappings":";;;AAWA,mDAAgD;AAChD,wEAGuC;AACvC,8CAA8C;AAC9C,kDAAwD;AAExD,+DAAgE;AAEhE,iDAAqD;AAErD,MAAM,GAAG,GAAG,oBAAU,CAAC,UAAU,CAAC,CAAC;AAUnC;;;KAGK;AACL,SAAS,qBAAqB,CAC5B,QAAkB,EAClB,IAA4B;;IAE5B,IAAI,EAAE,QAAQ,EAAE,QAAQ,EAAE,SAAS,EAAE,GAAG,IAAI,CAAC;IAC7C,IAAI,YAAY,GAAkB,IAAI,CAAC;IACvC,IAAI,eAAe,GAA2B,IAAI,CAAC;IACnD,IAAI,QAAQ,IAAI,IAAI,EAAE;QACpB,yCAAyC;QACzC,IAAI,OAAA,QAAQ,CAAC,eAAe,0CAAE,IAAI,KAAI,YAAY,EAAE;YAClD,QAAQ,CAAC,QAAQ,CAAC,IAAI,EAAE,uCAAuC,CAAC,CAAC;SAClE;aAAM;YACL,kCAAmB,CAAC,QAAQ,EAAE,QAAQ,EAAE,IAAI,CAAC,CAAC;SAC/C;KACF;SAAM,IAAI,SAAS,IAAI,IAAI,EAAE;QAC5B,gEAAgE;QAChE,IAAI,SAAS,CAAC,IAAI,IAAI,OAAO,EAAE;YAC7B,gCAAU,CAAC,QAAQ,EAAE,SAAS,EAAE,IAAI,CAAC,CAAC;SACvC;aAAM,IAAI,SAAS,CAAC,IAAI,IAAI,QAAQ,EAAE;YACrC,iCAAW,CAAC,QAAQ,EAAE,SAAS,EAAE,IAAI,CAAC,CAAC;SACxC;aAAM;YACL,QAAQ,CAAC,KAAK,CAAC,SAAS,CAAC,CAAC;SAC3B;QACD,YAAY,GAAG,SAAS,CAAC,YAAY,CAAC;QACtC,IAAI,SAAS,CAAC,eAAe;YAAE,eAAe,GAAG,SAAS,CAAC,eAAe,CAAC;KAC5E;IACD,YAAY,GAAG,YAAY,aAAZ,YAAY,cAAZ,YAAY,GAAI,EAAE,CAAC;IAClC,OAAO,EAAE,QAAQ,EAAE,SAAS,EAAE,QAAQ,EAAE,YAAY,EAAE,eAAe,EAAE,CAAC;AAC1E,CAAC;AAED,wEAAwE;AAExE;;;KAGK;AACL,SAAS,kBAAkB,CACzB,QAAkB,EAClB,IAA4B;IAE5B,IAAI,EAAE,QAAQ,EAAE,SAAS,EAAE,QAAQ,EAAE,GAAG,IAAI,CAAC;IAC7C,IAAI,YAAY,GAAW,EAAE,CAAC;IAC9B,IAAI,eAAe,GAA2B,IAAI,CAAC;IAEnD,IAAI,SAAS,IAAI,QAAQ,EAAE;QACzB,QAAQ,CAAC,KAAK,CAAC,SAAS,CAAC,CAAC;QAE1B,MAAM,YAAY,GAChB,SAAS,CAAC,YAAY,IAAI,OAAO,IAAI,SAAS,CAAC,eAAe,IAAI,CAAC,CAAC;QAEtE,kCAAmB,CAAC,QAAQ,EAAE,QAAQ,EAAE,YAAY,CAAC,CAAC;QAEtD,MAAM,UAAU,GAAG,SAAS,CAAC,YAAY,CAAC;QAC1C,IAAI,aAAa,GAAG,SAAS,CAAC,eAAe,CAAC;QAC9C,MAAM,WAAW,GAAG,QAAQ,CAAC,YAAY,CAAC;QAC1C,MAAM,cAAc,GAAG,QAAQ,CAAC,eAAe,CAAC;QAEhD,IAAI,UAAU,IAAI,OAAO,IAAI,UAAU,IAAI,QAAQ,EAAE;YACnD,KAAK,MAAM,EAAE,KAAK,EAAE,IAAI,8BAAkB,CAAC,SAAS,CAAC,EAAE;gBACrD,MAAM,UAAU,GAAG,mDAA4B,CAC7C,cAAc,EACb,KAAmB,CAAC,eAAe,CACrC,CAAC;gBACF,UAAU,CAAC,OAAO,CAAC,CAAC,GAAG,EAAE,EAAE,CAAC,OAAO,QAAQ,CAAC,WAAW,CAAC,GAAG,CAAC,CAAC,CAAC;aAC/D;SACF;QAED,IACE,UAAU,IAAI,OAAO;YACrB,WAAW,IAAI,OAAO;YACtB,aAAa,IAAI,IAAI;YACrB,cAAc,IAAI,IAAI,EACtB;YACA,SAAS,CAAC,eAAe,GAAG,QAAQ,CAAC,eAAe,CAAC;YACrD,YAAY,GAAG,WAAW,CAAC;YAC3B,eAAe,GAAG,cAAc,CAAC;SAClC;aAAM;YACL,IACE,2CAAoB,CAClB,WAAW,EACX,cAAc,EACd,UAAU,EACV,aAAa,CACd,EACD;gBACA,YAAY,GAAG,UAAU,CAAC;gBAC1B,eAAe,GAAG,aAAa,CAAC;aACjC;iBAAM;gBACL,QAAQ,CAAC,QAAQ,CAAC,IAAI,EAAE,8CAA8C,CAAC,CAAC;aACzE;SACF;KACF;SAAM;QACL,QAAQ,CAAC,QAAQ,CAAC,IAAI,EAAE,sCAAsC,CAAC,CAAC;KACjE;IACD,OAAO,EAAE,QAAQ,EAAE,SAAS,EAAE,QAAQ,EAAE,YAAY,EAAE,eAAe,EAAE,CAAC;AAC1E,CAAC;AAED,wEAAwE;AAExE,SAAgB,uBAAuB,CACrC,QAAkB,EAClB,IAA4B;IAE5B,IAAI,YAAY,GAAkB,IAAI,CAAC;IACvC,IAAI,eAAe,GAA2B,IAAI,CAAC;IACnD,MAAM,UAAU,GAAG,IAAI,CAAC,eAAe,CAAC;IAExC,0DAA0D;IAC1D,IAAI,IAAI,CAAC,eAAe,GAAG,CAAC,EAAE;QAC5B,wCAAwC;QACxC,IAAI,EAAE,QAAQ,EAAE,SAAS,EAAE,GAAG,IAAI,CAAC;QAEnC,MAAM,eAAe,GACnB,UAAU,IAAI,CAAC;YACb,CAAC,CAAC,qBAAqB,CAAC,QAAQ,EAAE,IAAI,CAAC;YACvC,CAAC,CAAC,kBAAkB,CAAC,QAAQ,EAAE,IAAI,CAAC,CAAC;QAEzC,QAAQ,GAAG,eAAe,CAAC,QAAQ,CAAC;QACpC,SAAS,GAAG,eAAe,CAAC,SAAS,CAAC;QACtC,YAAY,GAAG,eAAe,CAAC,YAAY,CAAC;QAC5C,eAAe,GAAG,eAAe,CAAC,eAAe,CAAC;QAElD,QAAQ,GAAG,QAA0B,CAAC;QACtC,QAAQ,CAAC,OAAO,GAAG,IAAI,CAAC,OAAO,CAAC,CAAC,CAAC,IAAI,CAAC,CAAC,CAAC,KAAK,CAAC;QAE/C,IAAI,YAAY;YAAE,QAAQ,CAAC,YAAY,GAAG,YAAY,CAAC;QACvD,IAAI,eAAe;YAAE,QAAQ,CAAC,eAAe,GAAG,eAAe,CAAC;QAEhE,aAAa;QACb,QAAQ,CAAC,kBAAkB,CAAC,QAAQ,EAAE,mBAAQ,CAAC,QAAqB,CAAC,CAAC;QAEtE,kEAAkE;QAClE,IAAI,CAAC,YAAY,GAAG,YAAY,CAAC;QACjC,IAAI,eAAe;YAAE,IAAI,CAAC,eAAe,GAAG,eAAe,CAAC;KAC7D;SAAM;QACL,QAAQ,CAAC,QAAQ,CAAC,IAAI,EAAE,mBAAmB,CAAC,CAAC;KAC9C;AACH,CAAC;AAtCD,0DAsCC"},"_coverageSchema":"1a1c01bbd47fc00a2c39e90264f33305004495a9","hash":"fec9238152f8a8ec32745e7d1a531deaf3a477c1"},"/home/himu/my_code/ekscript/ekscript/build/main/lib/resolver/exprResolver.js":{"path":"/home/himu/my_code/ekscript/ekscript/build/main/lib/resolver/exprResolver.js","statementMap":{"0":{"start":{"line":2,"column":0},"end":{"line":2,"column":62}},"1":{"start":{"line":3,"column":0},"end":{"line":3,"column":58}},"2":{"start":{"line":4,"column":31},"end":{"line":4,"column":71}},"3":{"start":{"line":6,"column":4},"end":{"line":6,"column":34}},"4":{"start":{"line":7,"column":4},"end":{"line":7,"column":35}},"5":{"start":{"line":8,"column":21},"end":{"line":8,"column":47}},"6":{"start":{"line":9,"column":15},"end":{"line":9,"column":37}},"7":{"start":{"line":10,"column":22},"end":{"line":10,"column":49}},"8":{"start":{"line":11,"column":4},"end":{"line":11,"column":33}},"9":{"start":{"line":12,"column":4},"end":{"line":80,"column":5}},"10":{"start":{"line":14,"column":12},"end":{"line":33,"column":13}},"11":{"start":{"line":17,"column":20},"end":{"line":22,"column":21}},"12":{"start":{"line":20,"column":24},"end":{"line":20,"column":92}},"13":{"start":{"line":21,"column":24},"end":{"line":21,"column":30}},"14":{"start":{"line":23,"column":20},"end":{"line":23,"column":50}},"15":{"start":{"line":24,"column":20},"end":{"line":24,"column":26}},"16":{"start":{"line":27,"column":20},"end":{"line":27,"column":26}},"17":{"start":{"line":30,"column":20},"end":{"line":30,"column":88}},"18":{"start":{"line":31,"column":20},"end":{"line":31,"column":26}},"19":{"start":{"line":34,"column":12},"end":{"line":46,"column":13}},"20":{"start":{"line":42,"column":20},"end":{"line":42,"column":26}},"21":{"start":{"line":45,"column":20},"end":{"line":45,"column":100}},"22":{"start":{"line":47,"column":12},"end":{"line":47,"column":18}},"23":{"start":{"line":53,"column":12},"end":{"line":65,"column":13}},"24":{"start":{"line":57,"column":20},"end":{"line":59,"column":21}},"25":{"start":{"line":58,"column":24},"end":{"line":58,"column":54}},"26":{"start":{"line":60,"column":20},"end":{"line":60,"column":26}},"27":{"start":{"line":63,"column":20},"end":{"line":63,"column":112}},"28":{"start":{"line":66,"column":12},"end":{"line":66,"column":18}},"29":{"start":{"line":69,"column":12},"end":{"line":71,"column":13}},"30":{"start":{"line":70,"column":16},"end":{"line":70,"column":46}},"31":{"start":{"line":72,"column":12},"end":{"line":74,"column":13}},"32":{"start":{"line":73,"column":16},"end":{"line":73,"column":108}},"33":{"start":{"line":75,"column":12},"end":{"line":75,"column":18}},"34":{"start":{"line":78,"column":12},"end":{"line":78,"column":84}},"35":{"start":{"line":82,"column":0},"end":{"line":82,"column":42}},"36":{"start":{"line":84,"column":19},"end":{"line":84,"column":41}},"37":{"start":{"line":85,"column":17},"end":{"line":85,"column":34}},"38":{"start":{"line":86,"column":4},"end":{"line":86,"column":25}},"39":{"start":{"line":87,"column":20},"end":{"line":87,"column":37}},"40":{"start":{"line":88,"column":4},"end":{"line":126,"column":5}},"41":{"start":{"line":90,"column":12},"end":{"line":95,"column":13}},"42":{"start":{"line":91,"column":16},"end":{"line":91,"column":80}},"43":{"start":{"line":94,"column":16},"end":{"line":94,"column":46}},"44":{"start":{"line":96,"column":12},"end":{"line":96,"column":18}},"45":{"start":{"line":101,"column":12},"end":{"line":111,"column":13}},"46":{"start":{"line":106,"column":20},"end":{"line":106,"column":26}},"47":{"start":{"line":108,"column":20},"end":{"line":108,"column":84}},"48":{"start":{"line":109,"column":20},"end":{"line":109,"column":26}},"49":{"start":{"line":112,"column":12},"end":{"line":112,"column":18}},"50":{"start":{"line":116,"column":12},"end":{"line":116,"column":39}},"51":{"start":{"line":117,"column":12},"end":{"line":117,"column":18}},"52":{"start":{"line":121,"column":12},"end":{"line":121,"column":18}},"53":{"start":{"line":124,"column":12},"end":{"line":124,"column":18}},"54":{"start":{"line":128,"column":0},"end":{"line":128,"column":40}}},"fnMap":{"0":{"name":"visitBinaryExpr","decl":{"start":{"line":5,"column":9},"end":{"line":5,"column":24}},"loc":{"start":{"line":5,"column":41},"end":{"line":81,"column":1}},"line":5},"1":{"name":"visitUnaryExpr","decl":{"start":{"line":83,"column":9},"end":{"line":83,"column":23}},"loc":{"start":{"line":83,"column":40},"end":{"line":127,"column":1}},"line":83}},"branchMap":{"0":{"loc":{"start":{"line":12,"column":4},"end":{"line":80,"column":5}},"type":"switch","locations":[{"start":{"line":13,"column":8},"end":{"line":48,"column":9}},{"start":{"line":49,"column":8},"end":{"line":49,"column":19}},{"start":{"line":50,"column":8},"end":{"line":50,"column":21}},{"start":{"line":52,"column":8},"end":{"line":67,"column":9}},{"start":{"line":68,"column":8},"end":{"line":76,"column":9}},{"start":{"line":77,"column":8},"end":{"line":79,"column":9}}],"line":12},"1":{"loc":{"start":{"line":14,"column":12},"end":{"line":33,"column":13}},"type":"switch","locations":[{"start":{"line":15,"column":16},"end":{"line":15,"column":26}},{"start":{"line":16,"column":16},"end":{"line":25,"column":17}},{"start":{"line":26,"column":16},"end":{"line":28,"column":17}},{"start":{"line":29,"column":16},"end":{"line":32,"column":17}}],"line":14},"2":{"loc":{"start":{"line":17,"column":20},"end":{"line":22,"column":21}},"type":"if","locations":[{"start":{"line":17,"column":20},"end":{"line":22,"column":21}},{"start":{"line":17,"column":20},"end":{"line":22,"column":21}}],"line":17},"3":{"loc":{"start":{"line":17,"column":24},"end":{"line":19,"column":43}},"type":"binary-expr","locations":[{"start":{"line":17,"column":24},"end":{"line":17,"column":45}},{"start":{"line":18,"column":24},"end":{"line":18,"column":43}},{"start":{"line":19,"column":24},"end":{"line":19,"column":43}}],"line":17},"4":{"loc":{"start":{"line":34,"column":12},"end":{"line":46,"column":13}},"type":"switch","locations":[{"start":{"line":35,"column":16},"end":{"line":35,"column":27}},{"start":{"line":36,"column":16},"end":{"line":36,"column":29}},{"start":{"line":37,"column":16},"end":{"line":37,"column":30}},{"start":{"line":38,"column":16},"end":{"line":38,"column":28}},{"start":{"line":39,"column":16},"end":{"line":39,"column":30}},{"start":{"line":40,"column":16},"end":{"line":40,"column":31}},{"start":{"line":41,"column":16},"end":{"line":43,"column":17}},{"start":{"line":44,"column":16},"end":{"line":45,"column":100}}],"line":34},"5":{"loc":{"start":{"line":53,"column":12},"end":{"line":65,"column":13}},"type":"switch","locations":[{"start":{"line":54,"column":16},"end":{"line":54,"column":27}},{"start":{"line":55,"column":16},"end":{"line":55,"column":29}},{"start":{"line":56,"column":16},"end":{"line":61,"column":17}},{"start":{"line":62,"column":16},"end":{"line":64,"column":17}}],"line":53},"6":{"loc":{"start":{"line":57,"column":20},"end":{"line":59,"column":21}},"type":"if","locations":[{"start":{"line":57,"column":20},"end":{"line":59,"column":21}},{"start":{"line":57,"column":20},"end":{"line":59,"column":21}}],"line":57},"7":{"loc":{"start":{"line":69,"column":12},"end":{"line":71,"column":13}},"type":"if","locations":[{"start":{"line":69,"column":12},"end":{"line":71,"column":13}},{"start":{"line":69,"column":12},"end":{"line":71,"column":13}}],"line":69},"8":{"loc":{"start":{"line":72,"column":12},"end":{"line":74,"column":13}},"type":"if","locations":[{"start":{"line":72,"column":12},"end":{"line":74,"column":13}},{"start":{"line":72,"column":12},"end":{"line":74,"column":13}}],"line":72},"9":{"loc":{"start":{"line":72,"column":18},"end":{"line":72,"column":59}},"type":"binary-expr","locations":[{"start":{"line":72,"column":18},"end":{"line":72,"column":37}},{"start":{"line":72,"column":41},"end":{"line":72,"column":59}}],"line":72},"10":{"loc":{"start":{"line":88,"column":4},"end":{"line":126,"column":5}},"type":"switch","locations":[{"start":{"line":89,"column":8},"end":{"line":97,"column":9}},{"start":{"line":98,"column":8},"end":{"line":98,"column":17}},{"start":{"line":99,"column":8},"end":{"line":99,"column":17}},{"start":{"line":100,"column":8},"end":{"line":113,"column":9}},{"start":{"line":114,"column":8},"end":{"line":114,"column":22}},{"start":{"line":115,"column":8},"end":{"line":118,"column":9}},{"start":{"line":119,"column":8},"end":{"line":122,"column":9}},{"start":{"line":123,"column":8},"end":{"line":125,"column":9}}],"line":88},"11":{"loc":{"start":{"line":90,"column":12},"end":{"line":95,"column":13}},"type":"if","locations":[{"start":{"line":90,"column":12},"end":{"line":95,"column":13}},{"start":{"line":90,"column":12},"end":{"line":95,"column":13}}],"line":90},"12":{"loc":{"start":{"line":101,"column":12},"end":{"line":111,"column":13}},"type":"switch","locations":[{"start":{"line":102,"column":16},"end":{"line":102,"column":27}},{"start":{"line":103,"column":16},"end":{"line":103,"column":29}},{"start":{"line":104,"column":16},"end":{"line":104,"column":30}},{"start":{"line":105,"column":16},"end":{"line":106,"column":26}},{"start":{"line":107,"column":16},"end":{"line":110,"column":17}}],"line":101}},"s":{"0":1,"1":1,"2":1,"3":0,"4":0,"5":0,"6":0,"7":0,"8":0,"9":0,"10":0,"11":0,"12":0,"13":0,"14":0,"15":0,"16":0,"17":0,"18":0,"19":0,"20":0,"21":0,"22":0,"23":0,"24":0,"25":0,"26":0,"27":0,"28":0,"29":0,"30":0,"31":0,"32":0,"33":0,"34":0,"35":1,"36":0,"37":0,"38":0,"39":0,"40":0,"41":0,"42":0,"43":0,"44":0,"45":0,"46":0,"47":0,"48":0,"49":0,"50":0,"51":0,"52":0,"53":0,"54":1},"f":{"0":0,"1":0},"b":{"0":[0,0,0,0,0,0],"1":[0,0,0,0],"2":[0,0],"3":[0,0,0],"4":[0,0,0,0,0,0,0,0],"5":[0,0,0,0],"6":[0,0],"7":[0,0],"8":[0,0],"9":[0,0],"10":[0,0,0,0,0,0,0,0],"11":[0,0],"12":[0,0,0,0,0]},"inputSourceMap":{"version":3,"file":"exprResolver.js","sourceRoot":"","sources":["../../../../src/lib/resolver/exprResolver.ts"],"names":[],"mappings":";;;AAEA,wEAAsE;AAEtE,SAAgB,eAAe,CAC7B,QAAkB,EAClB,IAA0B;IAE1B,QAAQ,CAAC,KAAK,CAAC,IAAI,CAAC,QAAQ,CAAC,CAAC;IAC9B,QAAQ,CAAC,KAAK,CAAC,IAAI,CAAC,SAAS,CAAC,CAAC;IAE/B,MAAM,QAAQ,GAAI,IAAI,CAAC,QAAsB,CAAC,YAAY,CAAC;IAC3D,MAAM,EAAE,GAAG,IAAI,CAAC,YAAY,CAAC,IAAI,CAAC;IAClC,MAAM,SAAS,GAAI,IAAI,CAAC,SAAuB,CAAC,YAAY,CAAC;IAE7D,IAAI,CAAC,YAAY,GAAG,QAAQ,CAAC;IAE7B,QAAQ,QAAQ,EAAE;QAChB,KAAK,QAAQ,CAAC,CAAC;YACb,QAAQ,EAAE,EAAE;gBACV,KAAK,IAAI,CAAC;gBACV,KAAK,IAAI,CAAC,CAAC;oBACT,IACE,SAAS,IAAI,QAAQ;wBACrB,SAAS,IAAI,MAAM;wBACnB,SAAS,IAAI,MAAM,EACnB;wBACA,QAAQ,CAAC,QAAQ,CAAC,IAAI,EAAE,IAAI,EAAE,oCAAoC,CAAC,CAAC;wBACpE,MAAM;qBACP;oBACD,IAAI,CAAC,YAAY,GAAG,SAAS,CAAC;oBAC9B,MAAM;iBACP;gBACD,KAAK,GAAG,CAAC,CAAC;oBACR,MAAM;iBACP;gBACD,OAAO,CAAC,CAAC;oBACP,QAAQ,CAAC,QAAQ,CAAC,IAAI,EAAE,IAAI,EAAE,oCAAoC,CAAC,CAAC;oBACpE,MAAM;iBACP;aACF;YAED,QAAQ,SAAS,EAAE;gBACjB,KAAK,KAAK,CAAC;gBACX,KAAK,OAAO,CAAC;gBACb,KAAK,QAAQ,CAAC;gBACd,KAAK,MAAM,CAAC;gBACZ,KAAK,QAAQ,CAAC;gBACd,KAAK,SAAS,CAAC;gBACf,KAAK,MAAM,CAAC,CAAC;oBACX,MAAM;iBACP;gBACD;oBACE,QAAQ,CAAC,QAAQ,CACf,IAAI,CAAC,QAAQ,EACb,GAAG,QAAQ,IAAI,EAAE,IAAI,SAAS,eAAe,CAC9C,CAAC;aACL;YACD,MAAM;SACP;QACD,KAAK,KAAK,CAAC;QACX,KAAK,OAAO,CAAC;QACb,aAAa;QACb,KAAK,QAAQ,CAAC,CAAC;YACb,QAAQ,SAAS,EAAE;gBACjB,KAAK,KAAK,CAAC;gBACX,KAAK,OAAO,CAAC;gBACb,KAAK,QAAQ,CAAC,CAAC;oBACb,IAAI,4CAAqB,CAAC,EAAE,CAAC,EAAE;wBAC7B,IAAI,CAAC,YAAY,GAAG,SAAS,CAAC;qBAC/B;oBACD,MAAM;iBACP;gBACD,OAAO,CAAC,CAAC;oBACP,QAAQ,CAAC,QAAQ,CACf,IAAI,CAAC,SAAS,EACd,IAAI,EAAE,yBAAyB,QAAQ,MAAM,SAAS,EAAE,CACzD,CAAC;iBACH;aACF;YACD,MAAM;SACP;QACD,KAAK,MAAM,CAAC,CAAC;YACX,IAAI,4CAAqB,CAAC,EAAE,CAAC,EAAE;gBAC7B,IAAI,CAAC,YAAY,GAAG,SAAS,CAAC;aAC/B;YACD,IAAI,CAAC,CAAC,SAAS,IAAI,MAAM,IAAI,SAAS,IAAI,KAAK,CAAC,EAAE;gBAChD,QAAQ,CAAC,QAAQ,CACf,IAAI,CAAC,SAAS,EACd,IAAI,EAAE,yBAAyB,QAAQ,MAAM,SAAS,EAAE,CACzD,CAAC;aACH;YACD,MAAM;SACP;QACD,OAAO,CAAC,CAAC;YACP,QAAQ,CAAC,QAAQ,CAAC,IAAI,EAAE,8CAA8C,CAAC,CAAC;SACzE;KACF;AACH,CAAC;AA9FD,0CA8FC;AAED,SAAgB,cAAc,CAAC,QAAkB,EAAE,IAAyB;IAC1E,MAAM,MAAM,GAAG,IAAI,CAAC,YAAY,CAAC,IAAI,CAAC;IACtC,MAAM,IAAI,GAAG,IAAI,CAAC,YAAY,CAAC;IAC/B,QAAQ,CAAC,KAAK,CAAC,IAAI,CAAC,CAAC;IACrB,MAAM,OAAO,GAAI,IAAkB,CAAC,YAAY,CAAC;IAEjD,QAAQ,MAAM,EAAE;QACd,KAAK,GAAG,CAAC,CAAC;YACR,IAAI,OAAO,IAAI,SAAS,EAAE;gBACxB,QAAQ,CAAC,QAAQ,CAAC,IAAI,EAAE,cAAc,MAAM,QAAQ,OAAO,GAAG,CAAC,CAAC;aACjE;iBAAM;gBACL,IAAI,CAAC,YAAY,GAAG,SAAS,CAAC;aAC/B;YACD,MAAM;SACP;QACD,KAAK,GAAG,CAAC;QACT,KAAK,GAAG,CAAC;QACT,KAAK,GAAG,CAAC,CAAC;YACR,QAAQ,OAAO,EAAE;gBACf,KAAK,KAAK,CAAC;gBACX,KAAK,OAAO,CAAC;gBACb,KAAK,QAAQ,CAAC;gBACd,KAAK,SAAS;oBACZ,MAAM;gBACR,OAAO,CAAC,CAAC;oBACP,QAAQ,CAAC,QAAQ,CAAC,IAAI,EAAE,cAAc,MAAM,QAAQ,OAAO,GAAG,CAAC,CAAC;oBAChE,MAAM;iBACP;aACF;YACD,MAAM;SACP;QACD,KAAK,QAAQ,CAAC;QACd,KAAK,MAAM,CAAC,CAAC;YACX,IAAI,CAAC,YAAY,GAAG,MAAM,CAAC;YAC3B,MAAM;SACP;QACD,KAAK,QAAQ,CAAC,CAAC;YACb,sCAAsC;YACtC,MAAM;SACP;QACD,OAAO,CAAC,CAAC;YACP,MAAM;SACP;KACF;AACH,CAAC;AA5CD,wCA4CC"},"_coverageSchema":"1a1c01bbd47fc00a2c39e90264f33305004495a9","hash":"82949715459c9c020ef95860e6e599d21f562a20"}}